{"logTime": "1127/231922", "correlationVector":"Q6K0MLsQH3UyYKXjE+VgPl.55","action":"GetUpdates", "result":"DeleteReceived", "context":{"id":"79862927-2df5-4b03-82d2-a0ed98fa1c2e", "isDeleted:":"true", "version":"1732126187354"}}
{"logTime": "1127/231922", "correlationVector":"Q6K0MLsQH3UyYKXjE+VgPl.56","action":"GetUpdates", "result":"DeleteReceived", "context":{"id":"a966c42e-e8d9-4cb4-8dd1-3359b43a87aa", "isDeleted:":"true", "version":"1732126301070"}}
{"logTime": "1127/231922", "correlationVector":"Q6K0MLsQH3UyYKXjE+VgPl.57","action":"GetUpdates", "result":"DeleteReceived", "context":{"id":"fe44f653-13f2-4c02-86c3-7ddd91a77246", "isDeleted:":"true", "version":"1732126301071"}}
{"logTime": "1127/231922", "correlationVector":"Q6K0MLsQH3UyYKXjE+VgPl.58","action":"GetUpdates", "result":"DeleteReceived", "context":{"id":"4926431f-536b-4022-92db-95a82c8cce11", "isDeleted:":"true", "version":"1732126338782"}}
{"logTime": "1127/231922", "correlationVector":"Q6K0MLsQH3UyYKXjE+VgPl.59","action":"GetUpdates", "result":"DeleteReceived", "context":{"id":"1fe3e985-0f9f-4e4d-b4c6-7c6a7273c5be", "isDeleted:":"true", "version":"1732126431182"}}
{"logTime": "1127/231922", "correlationVector":"Q6K0MLsQH3UyYKXjE+VgPl.60","action":"GetUpdates", "result":"DeleteReceived", "context":{"id":"4a0dfe9f-a856-4739-a06d-9fec3fba53dd", "isDeleted:":"true", "version":"1732128160296"}}
{"logTime": "1127/231922", "correlationVector":"Q6K0MLsQH3UyYKXjE+VgPl.61","action":"GetUpdates", "result":"DeleteReceived", "context":{"id":"51580290-d60e-47bd-9a27-5f7be7c8c280", "isDeleted:":"true", "version":"1732128160297"}}
{"logTime": "1127/231922", "correlationVector":"Q6K0MLsQH3UyYKXjE+VgPl.62","action":"GetUpdates", "result":"DeleteReceived", "context":{"id":"c207d81c-6f84-47f0-a1bc-9c7ce7bbc596", "isDeleted:":"true", "version":"1732128262172"}}
{"logTime": "1127/231922", "correlationVector":"Q6K0MLsQH3UyYKXjE+VgPl.63","action":"GetUpdates", "result":"DeleteReceived", "context":{"id":"8bba7758-ea1f-41a9-bccd-2f948f550ec9", "isDeleted:":"true", "version":"1732128262173"}}
{"logTime": "1127/231922", "correlationVector":"Q6K0MLsQH3UyYKXjE+VgPl.64","action":"GetUpdates", "result":"DeleteReceived", "context":{"id":"c03ee348-58a3-4cb7-b383-7ed84036a991", "isDeleted:":"true", "version":"1732128330938"}}
{"logTime": "1127/231922", "correlationVector":"Q6K0MLsQH3UyYKXjE+VgPl.65","action":"GetUpdates", "result":"DeleteReceived", "context":{"id":"f42ab507-ce09-4820-af8a-66bc8a4214e2", "isDeleted:":"true", "version":"1732128577244"}}
{"logTime": "1127/231922", "correlationVector":"Q6K0MLsQH3UyYKXjE+VgPl.66","action":"GetUpdates", "result":"DeleteReceived", "context":{"id":"034101b6-8920-421a-815a-e1f83b3c86ab", "isDeleted:":"true", "version":"1732128662131"}}
{"logTime": "1127/231922", "correlationVector":"Q6K0MLsQH3UyYKXjE+VgPl.67","action":"GetUpdates", "result":"DeleteReceived", "context":{"id":"b447dc45-e8df-4766-8dcc-4eda818b34fa", "isDeleted:":"true", "version":"1732128662134"}}
{"logTime": "1127/231922", "correlationVector":"Q6K0MLsQH3UyYKXjE+VgPl.68","action":"GetUpdates", "result":"DeleteReceived", "context":{"id":"f7504ad1-86ed-42e0-bf53-486dff8d7843", "isDeleted:":"true", "version":"1732129330269"}}
{"logTime": "1127/231922", "correlationVector":"Q6K0MLsQH3UyYKXjE+VgPl.69","action":"GetUpdates", "result":"DeleteReceived", "context":{"id":"980f976f-c33b-4cc1-943b-8ff06bf02c26", "isDeleted:":"true", "version":"1732129330270"}}
{"logTime": "1127/231922", "correlationVector":"Q6K0MLsQH3UyYKXjE+VgPl.70","action":"GetUpdates", "result":"DeleteReceived", "context":{"id":"3aca7e4a-330c-43bb-85c6-07178d573e37", "isDeleted:":"true", "version":"1732132063491"}}
{"logTime": "1127/231922", "correlationVector":"Q6K0MLsQH3UyYKXjE+VgPl.71","action":"GetUpdates", "result":"DeleteReceived", "context":{"id":"2c184257-c609-407c-b158-3eea14f14d4d", "isDeleted:":"true", "version":"1732138779471"}}
{"logTime": "1127/231922", "correlationVector":"Q6K0MLsQH3UyYKXjE+VgPl.72","action":"GetUpdates", "result":"DeleteReceived", "context":{"id":"a8f0ee46-a387-43f8-ba45-df13cc6319ce", "isDeleted:":"true", "version":"1732138779472"}}
{"logTime": "1127/231922", "correlationVector":"Q6K0MLsQH3UyYKXjE+VgPl.73","action":"GetUpdates", "result":"DeleteReceived", "context":{"id":"92e8a8cb-1297-43a9-82fd-70ab9d2a22e3", "isDeleted:":"true", "version":"1732140396910"}}
{"logTime": "1127/231922", "correlationVector":"Q6K0MLsQH3UyYKXjE+VgPl.74","action":"GetUpdates", "result":"DeleteReceived", "context":{"id":"03b87446-f3a8-498a-986f-b9547066c57c", "isDeleted:":"true", "version":"1732140429750"}}
{"logTime": "1127/231922", "correlationVector":"Q6K0MLsQH3UyYKXjE+VgPl.75","action":"GetUpdates", "result":"DeleteReceived", "context":{"id":"cd4bb299-b29a-463b-8545-3a163178fc31", "isDeleted:":"true", "version":"1732145828776"}}
{"logTime": "1127/231922", "correlationVector":"Q6K0MLsQH3UyYKXjE+VgPl.76","action":"GetUpdates", "result":"DeleteReceived", "context":{"id":"cb94172b-8b28-4262-9b4f-48d7d393c6c9", "isDeleted:":"true", "version":"1732145828777"}}
{"logTime": "1127/231922", "correlationVector":"Q6K0MLsQH3UyYKXjE+VgPl.77","action":"GetUpdates", "result":"DeleteReceived", "context":{"id":"b69e8fc0-74f2-4643-9563-7eacf9d65918", "isDeleted:":"true", "version":"1732145955625"}}
{"logTime": "1127/231922", "correlationVector":"Q6K0MLsQH3UyYKXjE+VgPl.78","action":"GetUpdates", "result":"DeleteReceived", "context":{"id":"c30b7faa-3c33-4ef5-ab4d-6b90e51a46de", "isDeleted:":"true", "version":"1732145955628"}}
{"logTime": "1127/231922", "correlationVector":"Q6K0MLsQH3UyYKXjE+VgPl.79","action":"GetUpdates", "result":"DeleteReceived", "context":{"id":"a91e470a-473f-4e08-9936-b3dfcb799d42", "isDeleted:":"true", "version":"1732146048665"}}
{"logTime": "1127/231922", "correlationVector":"Q6K0MLsQH3UyYKXjE+VgPl.80","action":"GetUpdates", "result":"DeleteReceived", "context":{"id":"cfdbe7ba-cfdf-4603-82c0-11a4470db4bd", "isDeleted:":"true", "version":"1732146048668"}}
{"logTime": "1127/231922", "correlationVector":"Q6K0MLsQH3UyYKXjE+VgPl.81","action":"GetUpdates", "result":"DeleteReceived", "context":{"id":"b34fffa3-d46d-434f-974a-d1595c852fca", "isDeleted:":"true", "version":"1732146096088"}}
{"logTime": "1127/231922", "correlationVector":"Q6K0MLsQH3UyYKXjE+VgPl.82","action":"GetUpdates", "result":"DeleteReceived", "context":{"id":"916472e0-0491-471c-bd41-93c819a2c518", "isDeleted:":"true", "version":"1732146216198"}}
{"logTime": "1127/231922", "correlationVector":"Q6K0MLsQH3UyYKXjE+VgPl.83","action":"GetUpdates", "result":"DeleteReceived", "context":{"id":"d9d01881-9fb5-4f79-80f6-111d296a9759", "isDeleted:":"true", "version":"1732146267727"}}
{"logTime": "1127/231922", "correlationVector":"Q6K0MLsQH3UyYKXjE+VgPl.84","action":"GetUpdates", "result":"DeleteReceived", "context":{"id":"f4aca8da-8d30-4bb5-a8a3-c50b05fa14d7", "isDeleted:":"true", "version":"1732146267729"}}
{"logTime": "1127/231922", "correlationVector":"Q6K0MLsQH3UyYKXjE+VgPl.85","action":"GetUpdates", "result":"DeleteReceived", "context":{"id":"a8ca42d4-fc96-45d8-b034-237890b3e41f", "isDeleted:":"true", "version":"1732147625103"}}
{"logTime": "1127/231922", "correlationVector":"Q6K0MLsQH3UyYKXjE+VgPl.86","action":"GetUpdates", "result":"DeleteReceived", "context":{"id":"fefa4f71-dae4-41dd-903c-8311388ca6a9", "isDeleted:":"true", "version":"1732147625104"}}
{"logTime": "1127/231922", "correlationVector":"Q6K0MLsQH3UyYKXjE+VgPl.87","action":"GetUpdates", "result":"DeleteReceived", "context":{"id":"21c5161d-88cf-4932-b2af-10eab6280ef1", "isDeleted:":"true", "version":"1732147715236"}}
{"logTime": "1127/231922", "correlationVector":"Q6K0MLsQH3UyYKXjE+VgPl.88","action":"GetUpdates", "result":"DeleteReceived", "context":{"id":"eda62055-c08b-4d18-9bfb-9805bd3616e3", "isDeleted:":"true", "version":"1732147715237"}}
{"logTime": "1127/231922", "correlationVector":"Q6K0MLsQH3UyYKXjE+VgPl.89","action":"GetUpdates", "result":"DeleteReceived", "context":{"id":"5dda58aa-e6f6-4bcd-a0e8-e0a6070c2a4f", "isDeleted:":"true", "version":"1732147777927"}}
{"logTime": "1127/231922", "correlationVector":"Q6K0MLsQH3UyYKXjE+VgPl.90","action":"GetUpdates", "result":"DeleteReceived", "context":{"id":"34a31add-5930-45f7-bd89-526242ad10ef", "isDeleted:":"true", "version":"1732147777928"}}
{"logTime": "1127/231922", "correlationVector":"Q6K0MLsQH3UyYKXjE+VgPl.91","action":"GetUpdates", "result":"DeleteReceived", "context":{"id":"ad797274-7c44-414f-b33b-619595d30f1d", "isDeleted:":"true", "version":"1732148276282"}}
{"logTime": "1127/231922", "correlationVector":"Q6K0MLsQH3UyYKXjE+VgPl.92","action":"GetUpdates", "result":"DeleteReceived", "context":{"id":"0bfd686f-6cfb-48ed-ba57-957d99dc8564", "isDeleted:":"true", "version":"1732155018762"}}
{"logTime": "1127/231922", "correlationVector":"Q6K0MLsQH3UyYKXjE+VgPl.93","action":"GetUpdates", "result":"DeleteReceived", "context":{"id":"d93345ec-3236-4fa7-be62-b6736cc032b3", "isDeleted:":"true", "version":"1732155403898"}}
{"logTime": "1127/231922", "correlationVector":"Q6K0MLsQH3UyYKXjE+VgPl.94","action":"GetUpdates", "result":"DeleteReceived", "context":{"id":"bf9055af-8811-4926-9ebc-4f7ec8eface7", "isDeleted:":"true", "version":"1732155486086"}}
{"logTime": "1127/231922", "correlationVector":"Q6K0MLsQH3UyYKXjE+VgPl.95","action":"GetUpdates", "result":"DeleteReceived", "context":{"id":"8d820265-115a-4c15-b52c-1360cbda2c92", "isDeleted:":"true", "version":"1732157464115"}}
{"logTime": "1127/231922", "correlationVector":"Q6K0MLsQH3UyYKXjE+VgPl.96","action":"GetUpdates", "result":"DeleteReceived", "context":{"id":"7ea21ccb-3445-4af0-87d9-df03f925703c", "isDeleted:":"true", "version":"1732157464116"}}
{"logTime": "1127/231922", "correlationVector":"Q6K0MLsQH3UyYKXjE+VgPl.97","action":"GetUpdates", "result":"DeleteReceived", "context":{"id":"94996f91-aaf9-4077-8a3c-9693a568fc47", "isDeleted:":"true", "version":"1732157758376"}}
{"logTime": "1127/231922", "correlationVector":"Q6K0MLsQH3UyYKXjE+VgPl.98","action":"GetUpdates", "result":"DeleteReceived", "context":{"id":"d5df7355-2be0-4e91-8f21-c4077c6923b7", "isDeleted:":"true", "version":"1732157758377"}}
{"logTime": "1127/231922", "correlationVector":"Q6K0MLsQH3UyYKXjE+VgPl.99","action":"GetUpdates", "result":"DeleteReceived", "context":{"id":"4edb540f-f9b1-4b80-b65d-a2bd48f67f58", "isDeleted:":"true", "version":"1732157833881"}}
{"logTime": "1127/231922", "correlationVector":"Q6K0MLsQH3UyYKXjE+VgPl.100","action":"GetUpdates", "result":"DeleteReceived", "context":{"id":"077bc0d3-f89c-4fba-9e34-e6e451fe5199", "isDeleted:":"true", "version":"1732158153786"}}
{"logTime": "1127/231922", "correlationVector":"Q6K0MLsQH3UyYKXjE+VgPl.101","action":"GetUpdates", "result":"DeleteReceived", "context":{"id":"2f08ae2f-aff4-4ab9-b79e-3540068265e1", "isDeleted:":"true", "version":"1732158153787"}}
{"logTime": "1127/231922", "correlationVector":"Q6K0MLsQH3UyYKXjE+VgPl.102","action":"GetUpdates", "result":"DeleteReceived", "context":{"id":"3a505ddf-a3de-463b-90d2-981ebc95eb53", "isDeleted:":"true", "version":"1732206116825"}}
{"logTime": "1127/231922", "correlationVector":"Q6K0MLsQH3UyYKXjE+VgPl.103","action":"GetUpdates", "result":"DeleteReceived", "context":{"id":"bd568552-5f72-453a-9601-ede66cf32d6d", "isDeleted:":"true", "version":"1732206224030"}}
{"logTime": "1127/231922", "correlationVector":"Q6K0MLsQH3UyYKXjE+VgPl.104","action":"GetUpdates", "result":"DeleteReceived", "context":{"id":"2d253b81-c5a3-405e-899e-f3951ab514e4", "isDeleted:":"true", "version":"1732206224031"}}
{"logTime": "1127/231922", "correlationVector":"Q6K0MLsQH3UyYKXjE+VgPl.105","action":"GetUpdates", "result":"DeleteReceived", "context":{"id":"c8df2143-5334-49e7-bb38-2db85a9b5a8b", "isDeleted:":"true", "version":"1732206278230"}}
{"logTime": "1127/231922", "correlationVector":"Q6K0MLsQH3UyYKXjE+VgPl.106","action":"GetUpdates", "result":"DeleteReceived", "context":{"id":"82d44d7e-e970-4790-811e-0ab1016b941b", "isDeleted:":"true", "version":"1732206309818"}}
{"logTime": "1127/231922", "correlationVector":"Q6K0MLsQH3UyYKXjE+VgPl.107","action":"GetUpdates", "result":"DeleteReceived", "context":{"id":"1358c23b-7b02-44b6-bc88-6acb2cdac369", "isDeleted:":"true", "version":"1732209615403"}}
{"logTime": "1127/231922", "correlationVector":"Q6K0MLsQH3UyYKXjE+VgPl.108","action":"GetUpdates", "result":"DeleteReceived", "context":{"id":"7caad3ed-98d0-4a31-a180-93b3cc60f8e0", "isDeleted:":"true", "version":"1732211517593"}}
{"logTime": "1127/231922", "correlationVector":"Q6K0MLsQH3UyYKXjE+VgPl.109","action":"GetUpdates", "result":"DeleteReceived", "context":{"id":"e2bb0df9-0655-4b7c-954d-c61a86cc0234", "isDeleted:":"true", "version":"1732212212827"}}
{"logTime": "1127/231922", "correlationVector":"Q6K0MLsQH3UyYKXjE+VgPl.110","action":"GetUpdates", "result":"DeleteReceived", "context":{"id":"4074b5ea-8ef8-4ce3-bfaa-3fc95613fb20", "isDeleted:":"true", "version":"1732212343643"}}
{"logTime": "1127/231922", "correlationVector":"Q6K0MLsQH3UyYKXjE+VgPl.111","action":"GetUpdates", "result":"DeleteReceived", "context":{"id":"e1ed6e83-91dd-434d-bf6b-4db6fbf907f4", "isDeleted:":"true", "version":"1732212383262"}}
{"logTime": "1127/231922", "correlationVector":"Q6K0MLsQH3UyYKXjE+VgPl.112","action":"GetUpdates", "result":"DeleteReceived", "context":{"id":"31c1dfdc-f4ef-4b09-b8fb-f5c258902f72", "isDeleted:":"true", "version":"1732212383263"}}
{"logTime": "1127/231922", "correlationVector":"Q6K0MLsQH3UyYKXjE+VgPl.113","action":"GetUpdates", "result":"DeleteReceived", "context":{"id":"2e032b1a-daaa-4011-ac87-a588eb7b66f8", "isDeleted:":"true", "version":"1732212383264"}}
{"logTime": "1127/231922", "correlationVector":"Q6K0MLsQH3UyYKXjE+VgPl.114","action":"GetUpdates", "result":"DeleteReceived", "context":{"id":"2b4e4bc0-ef97-42f5-a4dd-7c425ec6448e", "isDeleted:":"true", "version":"1732212383265"}}
{"logTime": "1127/231922", "correlationVector":"Q6K0MLsQH3UyYKXjE+VgPl.115","action":"GetUpdates", "result":"DeleteReceived", "context":{"id":"7d7d4735-781e-4d59-9af2-ca4b2b6bf0c8", "isDeleted:":"true", "version":"1732212383266"}}
{"logTime": "1127/231922", "correlationVector":"Q6K0MLsQH3UyYKXjE+VgPl.116","action":"GetUpdates", "result":"DeleteReceived", "context":{"id":"3521ff75-05b0-4273-aaa6-0da0a965dcd7", "isDeleted:":"true", "version":"1732216388529"}}
{"logTime": "1127/231922", "correlationVector":"Q6K0MLsQH3UyYKXjE+VgPl.117","action":"GetUpdates", "result":"DeleteReceived", "context":{"id":"a960ccd8-0c01-475d-b439-a7d57777d463", "isDeleted:":"true", "version":"1732216823044"}}
{"logTime": "1127/231922", "correlationVector":"Q6K0MLsQH3UyYKXjE+VgPl.118","action":"GetUpdates", "result":"DeleteReceived", "context":{"id":"0b3e919e-76a0-44e5-8bf2-6cbc849100e5", "isDeleted:":"true", "version":"1732216823046"}}
{"logTime": "1127/231922", "correlationVector":"Q6K0MLsQH3UyYKXjE+VgPl.119","action":"GetUpdates", "result":"DeleteReceived", "context":{"id":"956c1bb6-6145-4b7e-8309-df6aa2477cd5", "isDeleted:":"true", "version":"1732216823050"}}
{"logTime": "1127/231922", "correlationVector":"Q6K0MLsQH3UyYKXjE+VgPl.120","action":"GetUpdates", "result":"DeleteReceived", "context":{"id":"6d791eb4-3587-4a9e-8f22-e8e273e86b1f", "isDeleted:":"true", "version":"1732216855316"}}
{"logTime": "1127/231922", "correlationVector":"Q6K0MLsQH3UyYKXjE+VgPl.121","action":"GetUpdates", "result":"DeleteReceived", "context":{"id":"3f72478e-d907-4365-b353-0c62bbca879e", "isDeleted:":"true", "version":"1732216855318"}}
{"logTime": "1127/231922", "correlationVector":"Q6K0MLsQH3UyYKXjE+VgPl.122","action":"GetUpdates", "result":"DeleteReceived", "context":{"id":"65bda18c-3619-4c3e-9a67-39baf5bea7df", "isDeleted:":"true", "version":"1732216967277"}}
{"logTime": "1127/231922", "correlationVector":"Q6K0MLsQH3UyYKXjE+VgPl.123","action":"GetUpdates", "result":"DeleteReceived", "context":{"id":"9bf8d1a2-24b7-4d3d-b811-6fce3b55e1a4", "isDeleted:":"true", "version":"1732216968425"}}
{"logTime": "1127/231922", "correlationVector":"Q6K0MLsQH3UyYKXjE+VgPl.124","action":"GetUpdates", "result":"DeleteReceived", "context":{"id":"53f686ee-9816-4c22-b542-52f002230107", "isDeleted:":"true", "version":"1732216968426"}}
{"logTime": "1127/231922", "correlationVector":"Q6K0MLsQH3UyYKXjE+VgPl.125","action":"GetUpdates", "result":"DeleteReceived", "context":{"id":"9ce1f0c2-d0b2-4630-a06f-314941adfe42", "isDeleted:":"true", "version":"1732217017996"}}
{"logTime": "1127/231922", "correlationVector":"Q6K0MLsQH3UyYKXjE+VgPl.126","action":"GetUpdates", "result":"DeleteReceived", "context":{"id":"e1bc08b1-75cf-4a56-bae6-6dd5befb3c60", "isDeleted:":"true", "version":"1732217017997"}}
{"logTime": "1127/231922", "correlationVector":"Q6K0MLsQH3UyYKXjE+VgPl.127","action":"GetUpdates", "result":"DeleteReceived", "context":{"id":"11533de7-37c2-407d-90fb-496fc33cb43f", "isDeleted:":"true", "version":"1732217017999"}}
{"logTime": "1127/231922", "correlationVector":"Q6K0MLsQH3UyYKXjE+VgPl.128","action":"GetUpdates", "result":"DeleteReceived", "context":{"id":"48273c07-c663-4cd0-824c-a1ae7633c51e", "isDeleted:":"true", "version":"1732217195005"}}
{"logTime": "1127/231922", "correlationVector":"Q6K0MLsQH3UyYKXjE+VgPl.129","action":"GetUpdates", "result":"DeleteReceived", "context":{"id":"d3dbefd2-8aaa-434e-9b0e-63d6d0036618", "isDeleted:":"true", "version":"1732217394542"}}
{"logTime": "1127/231922", "correlationVector":"Q6K0MLsQH3UyYKXjE+VgPl.130","action":"GetUpdates", "result":"DeleteReceived", "context":{"id":"bc29b841-fd49-4c9e-8ca1-6ff68e89706a", "isDeleted:":"true", "version":"1732217394543"}}
{"logTime": "1127/231922", "correlationVector":"Q6K0MLsQH3UyYKXjE+VgPl.131","action":"GetUpdates", "result":"DeleteReceived", "context":{"id":"a04cbabf-12a6-44e0-83eb-4b32929132f1", "isDeleted:":"true", "version":"1732218310158"}}
{"logTime": "1127/231922", "correlationVector":"Q6K0MLsQH3UyYKXjE+VgPl.132","action":"GetUpdates", "result":"DeleteReceived", "context":{"id":"a2f8530a-9d1f-48a6-974e-09f845da655a", "isDeleted:":"true", "version":"1732218856156"}}
{"logTime": "1127/231922", "correlationVector":"Q6K0MLsQH3UyYKXjE+VgPl.133","action":"GetUpdates", "result":"DeleteReceived", "context":{"id":"43d7c774-d297-460a-bf41-ed379967b2c7", "isDeleted:":"true", "version":"1732221717498"}}
{"logTime": "1127/231922", "correlationVector":"Q6K0MLsQH3UyYKXjE+VgPl.134","action":"GetUpdates", "result":"DeleteReceived", "context":{"id":"1643929c-a12d-478d-9f9b-92f0f5f0282c", "isDeleted:":"true", "version":"1732221717499"}}
{"logTime": "1127/231922", "correlationVector":"Q6K0MLsQH3UyYKXjE+VgPl.135","action":"GetUpdates", "result":"DeleteReceived", "context":{"id":"8dc70d81-af0d-47c0-b70b-f8a7bac703d6", "isDeleted:":"true", "version":"1732221717500"}}
{"logTime": "1127/231922", "correlationVector":"Q6K0MLsQH3UyYKXjE+VgPl.136","action":"GetUpdates", "result":"DeleteReceived", "context":{"id":"dd5a64e9-07b7-46a8-8b23-ab5b5de95876", "isDeleted:":"true", "version":"1732226827185"}}
{"logTime": "1127/231922", "correlationVector":"Q6K0MLsQH3UyYKXjE+VgPl.137","action":"GetUpdates", "result":"DeleteReceived", "context":{"id":"363f82ab-6aa8-4c54-a166-5bf4cc6983b7", "isDeleted:":"true", "version":"1732226827186"}}
{"logTime": "1127/231922", "correlationVector":"Q6K0MLsQH3UyYKXjE+VgPl.138","action":"GetUpdates", "result":"DeleteReceived", "context":{"id":"9d57d1c4-c02c-4d4e-a5d8-271335c9c6ba", "isDeleted:":"true", "version":"1732241787722"}}
{"logTime": "1127/231922", "correlationVector":"Q6K0MLsQH3UyYKXjE+VgPl.139","action":"GetUpdates", "result":"DeleteReceived", "context":{"id":"0b307e25-20c6-4411-8301-9a6e86aa6af4", "isDeleted:":"true", "version":"1732277279837"}}
{"logTime": "1127/231922", "correlationVector":"Q6K0MLsQH3UyYKXjE+VgPl.140","action":"GetUpdates", "result":"DeleteReceived", "context":{"id":"ce93854c-d63d-4ae9-a17c-27748c442ead", "isDeleted:":"true", "version":"1732277531414"}}
{"logTime": "1127/231922", "correlationVector":"Q6K0MLsQH3UyYKXjE+VgPl.141","action":"GetUpdates", "result":"DeleteReceived", "context":{"id":"f57a6649-0948-45b4-996c-429239c2097a", "isDeleted:":"true", "version":"1732284673434"}}
{"logTime": "1127/231922", "correlationVector":"Q6K0MLsQH3UyYKXjE+VgPl.142","action":"GetUpdates", "result":"DeleteReceived", "context":{"id":"04aa6626-dd45-4d4e-8b29-1ee60ef38292", "isDeleted:":"true", "version":"1732284991626"}}
{"logTime": "1127/231922", "correlationVector":"Q6K0MLsQH3UyYKXjE+VgPl.143","action":"GetUpdates", "result":"DeleteReceived", "context":{"id":"dccedc7b-9241-424a-9751-0727a83a99e1", "isDeleted:":"true", "version":"1732285033860"}}
{"logTime": "1127/231922", "correlationVector":"Q6K0MLsQH3UyYKXjE+VgPl.144","action":"GetUpdates", "result":"DeleteReceived", "context":{"id":"5b5400ac-9cbe-4fe8-afbf-e02d72539c31", "isDeleted:":"true", "version":"1732285064945"}}
{"logTime": "1127/231922", "correlationVector":"Q6K0MLsQH3UyYKXjE+VgPl.145","action":"GetUpdates", "result":"DeleteReceived", "context":{"id":"9e7da283-912d-4217-817e-e37e0a70965b", "isDeleted:":"true", "version":"1732285178481"}}
{"logTime": "1127/231922", "correlationVector":"Q6K0MLsQH3UyYKXjE+VgPl.146","action":"GetUpdates", "result":"DeleteReceived", "context":{"id":"695a37eb-63d2-45a1-b2e1-ec0f0e056b1b", "isDeleted:":"true", "version":"1732285859635"}}
{"logTime": "1127/231922", "correlationVector":"Q6K0MLsQH3UyYKXjE+VgPl.147","action":"GetUpdates", "result":"DeleteReceived", "context":{"id":"6dee57cc-a58f-4db7-bb3e-097b9174f006", "isDeleted:":"true", "version":"1732285859637"}}
{"logTime": "1127/231922", "correlationVector":"Q6K0MLsQH3UyYKXjE+VgPl.148","action":"GetUpdates", "result":"DeleteReceived", "context":{"id":"85f52790-becf-42f4-8aca-32d0075b62be", "isDeleted:":"true", "version":"1732285897329"}}
{"logTime": "1127/231922", "correlationVector":"Q6K0MLsQH3UyYKXjE+VgPl.149","action":"GetUpdates", "result":"DeleteReceived", "context":{"id":"188557cc-fe34-411d-8c9d-b0cd5bbfd5bb", "isDeleted:":"true", "version":"1732292513407"}}
{"logTime": "1127/231922", "correlationVector":"Q6K0MLsQH3UyYKXjE+VgPl.150","action":"GetUpdates", "result":"DeleteReceived", "context":{"id":"bf79bf0c-bf7d-40b1-a9cb-a6b1acce122f", "isDeleted:":"true", "version":"1732292513409"}}
{"logTime": "1127/231922", "correlationVector":"Q6K0MLsQH3UyYKXjE+VgPl.151","action":"GetUpdates", "result":"DeleteReceived", "context":{"id":"8cfc02c9-12f2-4db4-a391-58a6de146318", "isDeleted:":"true", "version":"1732292598607"}}
{"logTime": "1127/231922", "correlationVector":"Q6K0MLsQH3UyYKXjE+VgPl.152","action":"GetUpdates", "result":"DeleteReceived", "context":{"id":"a05d0c2c-bcc3-4837-8234-fd8c6339fe43", "isDeleted:":"true", "version":"1732292795875"}}
{"logTime": "1127/231922", "correlationVector":"Q6K0MLsQH3UyYKXjE+VgPl.153","action":"GetUpdates", "result":"DeleteReceived", "context":{"id":"c491d15b-2f51-4f34-9734-21767b91b994", "isDeleted:":"true", "version":"1732295504008"}}
{"logTime": "1127/231922", "correlationVector":"Q6K0MLsQH3UyYKXjE+VgPl.154","action":"GetUpdates", "result":"DeleteReceived", "context":{"id":"bc43f869-dfd9-473f-9c68-070645a52b1e", "isDeleted:":"true", "version":"1732295504009"}}
{"logTime": "1127/231922", "correlationVector":"Q6K0MLsQH3UyYKXjE+VgPl.155","action":"GetUpdates", "result":"DeleteReceived", "context":{"id":"16315fcd-cbd5-4824-b099-feac67987d10", "isDeleted:":"true", "version":"1732295504010"}}
{"logTime": "1127/231922", "correlationVector":"Q6K0MLsQH3UyYKXjE+VgPl.156","action":"GetUpdates", "result":"DeleteReceived", "context":{"id":"7356ef4f-6603-4da3-98a4-e5619ceabeb9", "isDeleted:":"true", "version":"1732295504011"}}
{"logTime": "1127/231922", "correlationVector":"Q6K0MLsQH3UyYKXjE+VgPl.157","action":"GetUpdates", "result":"DeleteReceived", "context":{"id":"9be9652f-5171-4f75-bb93-80fffc057802", "isDeleted:":"true", "version":"1732299427530"}}
{"logTime": "1127/231922", "correlationVector":"Q6K0MLsQH3UyYKXjE+VgPl.158","action":"GetUpdates", "result":"DeleteReceived", "context":{"id":"19fdfbfb-2055-4221-bdec-4ab97448ce25", "isDeleted:":"true", "version":"1732299668519"}}
{"logTime": "1127/231922", "correlationVector":"Q6K0MLsQH3UyYKXjE+VgPl.159","action":"GetUpdates", "result":"DeleteReceived", "context":{"id":"7f3a29db-f927-4981-9268-a5b937bab7f1", "isDeleted:":"true", "version":"1732299767006"}}
{"logTime": "1127/231922", "correlationVector":"Q6K0MLsQH3UyYKXjE+VgPl.160","action":"GetUpdates", "result":"DeleteReceived", "context":{"id":"40cc2c06-2a84-4d55-83db-866e23bb68ce", "isDeleted:":"true", "version":"1732299767007"}}
{"logTime": "1127/231922", "correlationVector":"Q6K0MLsQH3UyYKXjE+VgPl.161","action":"GetUpdates", "result":"DeleteReceived", "context":{"id":"b8368862-3fae-4dde-b8cd-53f91527ff2f", "isDeleted:":"true", "version":"1732299767010"}}
{"logTime": "1127/231922", "correlationVector":"Q6K0MLsQH3UyYKXjE+VgPl.162","action":"GetUpdates", "result":"DeleteReceived", "context":{"id":"3a58e6ce-3493-4e2d-a5c5-ffe953c560ef", "isDeleted:":"true", "version":"1732299943690"}}
{"logTime": "1127/231922", "correlationVector":"Q6K0MLsQH3UyYKXjE+VgPl.163","action":"GetUpdates", "result":"DeleteReceived", "context":{"id":"3a1b59fc-1a83-4082-aac6-4a25a850a630", "isDeleted:":"true", "version":"1732311318895"}}
{"logTime": "1127/231922", "correlationVector":"Q6K0MLsQH3UyYKXjE+VgPl.164","action":"GetUpdates", "result":"DeleteReceived", "context":{"id":"94901ee3-2cdb-42fe-82be-debc8abdfcae", "isDeleted:":"true", "version":"1732311363795"}}
{"logTime": "1127/231922", "correlationVector":"Q6K0MLsQH3UyYKXjE+VgPl.165","action":"GetUpdates", "result":"DeleteReceived", "context":{"id":"53a42b30-f8d7-438e-8e19-7e1b9b47bea8", "isDeleted:":"true", "version":"1732311363796"}}
{"logTime": "1127/231922", "correlationVector":"Q6K0MLsQH3UyYKXjE+VgPl.166","action":"GetUpdates", "result":"DeleteReceived", "context":{"id":"ae019691-fe4a-442f-9ec8-264c4443684f", "isDeleted:":"true", "version":"1732318012389"}}
{"logTime": "1127/231922", "correlationVector":"Q6K0MLsQH3UyYKXjE+VgPl.167","action":"GetUpdates", "result":"DeleteReceived", "context":{"id":"dac98a33-80c2-44cc-a965-0fd3d3841418", "isDeleted:":"true", "version":"1732318012390"}}
{"logTime": "1127/231922", "correlationVector":"Q6K0MLsQH3UyYKXjE+VgPl.168","action":"GetUpdates", "result":"DeleteReceived", "context":{"id":"c8771dbc-70e7-4cf4-ad9d-c1c913d4c5a2", "isDeleted:":"true", "version":"1732322749651"}}
{"logTime": "1127/231922", "correlationVector":"Q6K0MLsQH3UyYKXjE+VgPl.169","action":"GetUpdates", "result":"DeleteReceived", "context":{"id":"a655dca6-13f0-4243-bfd9-bdd5ce53ea19", "isDeleted:":"true", "version":"1732323037102"}}
{"logTime": "1127/231922", "correlationVector":"Q6K0MLsQH3UyYKXjE+VgPl.170","action":"GetUpdates", "result":"DeleteReceived", "context":{"id":"2b52beff-94a4-4b95-8e55-1baf6007c8ec", "isDeleted:":"true", "version":"1732323757565"}}
{"logTime": "1127/231922", "correlationVector":"Q6K0MLsQH3UyYKXjE+VgPl.171","action":"GetUpdates", "result":"DeleteReceived", "context":{"id":"305cf825-4a5e-489d-a28b-d1b22c985138", "isDeleted:":"true", "version":"1732378605145"}}
{"logTime": "1127/231922", "correlationVector":"Q6K0MLsQH3UyYKXjE+VgPl.172","action":"GetUpdates", "result":"DeleteReceived", "context":{"id":"2d111fa1-f117-49e2-a18f-d8811b1bd6f6", "isDeleted:":"true", "version":"1732378606410"}}
{"logTime": "1127/231922", "correlationVector":"Q6K0MLsQH3UyYKXjE+VgPl.173","action":"GetUpdates", "result":"DeleteReceived", "context":{"id":"0aad7516-89f9-4034-bf50-5b07dcdbc0f0", "isDeleted:":"true", "version":"1732386111414"}}
{"logTime": "1127/231922", "correlationVector":"Q6K0MLsQH3UyYKXjE+VgPl.174","action":"GetUpdates", "result":"DeleteReceived", "context":{"id":"11bfd5b4-4e61-45ce-8073-05be17c07ad9", "isDeleted:":"true", "version":"1732386111416"}}
{"logTime": "1127/231922", "correlationVector":"Q6K0MLsQH3UyYKXjE+VgPl.175","action":"GetUpdates", "result":"DeleteReceived", "context":{"id":"f6492424-87c6-486d-a093-ab0bfe75dde7", "isDeleted:":"true", "version":"1732386111417"}}
{"logTime": "1127/231922", "correlationVector":"Q6K0MLsQH3UyYKXjE+VgPl.176","action":"GetUpdates", "result":"DeleteReceived", "context":{"id":"329dde77-db9e-44f8-94f2-517007280b5d", "isDeleted:":"true", "version":"1732386111418"}}
{"logTime": "1127/231922", "correlationVector":"Q6K0MLsQH3UyYKXjE+VgPl.177","action":"GetUpdates", "result":"DeleteReceived", "context":{"id":"35017501-aa66-4725-a4ba-385c462acd9d", "isDeleted:":"true", "version":"1732386111419"}}
{"logTime": "1127/231922", "correlationVector":"Q6K0MLsQH3UyYKXjE+VgPl.178","action":"GetUpdates", "result":"DeleteReceived", "context":{"id":"83b7bdb3-8626-4b3b-8e92-067e7860802a", "isDeleted:":"true", "version":"1732386111420"}}
{"logTime": "1127/231922", "correlationVector":"Q6K0MLsQH3UyYKXjE+VgPl.179","action":"GetUpdates", "result":"DeleteReceived", "context":{"id":"f7293be2-18ee-4f77-af51-6491763ba9d5", "isDeleted:":"true", "version":"1732386143611"}}
{"logTime": "1127/231922", "correlationVector":"Q6K0MLsQH3UyYKXjE+VgPl.180","action":"GetUpdates", "result":"DeleteReceived", "context":{"id":"f323153f-5c7d-4963-8c5c-a9d6b99f44e0", "isDeleted:":"true", "version":"1732386143613"}}
{"logTime": "1127/231922", "correlationVector":"Q6K0MLsQH3UyYKXjE+VgPl.181","action":"GetUpdates", "result":"DeleteReceived", "context":{"id":"a1d4edb8-0ad6-4c7d-96eb-86d0bf6faca1", "isDeleted:":"true", "version":"1732386176644"}}
{"logTime": "1127/231922", "correlationVector":"Q6K0MLsQH3UyYKXjE+VgPl.182","action":"GetUpdates", "result":"DeleteReceived", "context":{"id":"e0c2a705-0e1b-45bc-9f27-ad319f91aeb8", "isDeleted:":"true", "version":"1732386385619"}}
{"logTime": "1127/231922", "correlationVector":"Q6K0MLsQH3UyYKXjE+VgPl.183","action":"GetUpdates", "result":"DeleteReceived", "context":{"id":"b0bbf9e6-69f3-4a39-9f5c-a6435718372c", "isDeleted:":"true", "version":"1732396484104"}}
{"logTime": "1127/231922", "correlationVector":"Q6K0MLsQH3UyYKXjE+VgPl.184","action":"GetUpdates", "result":"DeleteReceived", "context":{"id":"caa0a2c2-9ef5-42d2-9509-42e880762a62", "isDeleted:":"true", "version":"1732396567926"}}
{"logTime": "1127/231922", "correlationVector":"Q6K0MLsQH3UyYKXjE+VgPl.185","action":"GetUpdates", "result":"DeleteReceived", "context":{"id":"c150a913-1491-4ca4-8d7c-3ad6172089e1", "isDeleted:":"true", "version":"1732398989010"}}
{"logTime": "1127/231922", "correlationVector":"Q6K0MLsQH3UyYKXjE+VgPl.186","action":"GetUpdates", "result":"DeleteReceived", "context":{"id":"ee9fb81b-fddb-48c1-ae41-0ebac7f51b68", "isDeleted:":"true", "version":"1732398989011"}}
{"logTime": "1127/231922", "correlationVector":"Q6K0MLsQH3UyYKXjE+VgPl.187","action":"GetUpdates", "result":"DeleteReceived", "context":{"id":"70078192-1193-4afd-b286-399f6b9c8f19", "isDeleted:":"true", "version":"1732398989013"}}
{"logTime": "1127/231922", "correlationVector":"Q6K0MLsQH3UyYKXjE+VgPl.188","action":"GetUpdates", "result":"DeleteReceived", "context":{"id":"09eae6bd-a7c7-45f2-bb4c-c9a71077f74b", "isDeleted:":"true", "version":"1732398989015"}}
{"logTime": "1127/231922", "correlationVector":"Q6K0MLsQH3UyYKXjE+VgPl.189","action":"GetUpdates", "result":"DeleteReceived", "context":{"id":"084c86ac-3e67-40e5-8cfb-75a143a58ffa", "isDeleted:":"true", "version":"1732399053729"}}
{"logTime": "1127/231922", "correlationVector":"Q6K0MLsQH3UyYKXjE+VgPl.190","action":"GetUpdates", "result":"DeleteReceived", "context":{"id":"540c33a3-0f3d-46f7-8fe4-94bb46c64739", "isDeleted:":"true", "version":"1732399342407"}}
{"logTime": "1127/231922", "correlationVector":"Q6K0MLsQH3UyYKXjE+VgPl.191","action":"GetUpdates", "result":"DeleteReceived", "context":{"id":"0e6b0c47-2b3d-43f1-85c2-f4599d3748e5", "isDeleted:":"true", "version":"1732399342408"}}
{"logTime": "1127/231922", "correlationVector":"Q6K0MLsQH3UyYKXjE+VgPl.192","action":"GetUpdates", "result":"DeleteReceived", "context":{"id":"45e6130a-c8e5-4a8e-92ef-fd91fccfc70b", "isDeleted:":"true", "version":"1732421233297"}}
{"logTime": "1127/231922", "correlationVector":"Q6K0MLsQH3UyYKXjE+VgPl.193","action":"GetUpdates", "result":"DeleteReceived", "context":{"id":"42e0bfdf-f8f8-4c29-ba78-452ca77cfc23", "isDeleted:":"true", "version":"1732421233298"}}
{"logTime": "1127/231922", "correlationVector":"Q6K0MLsQH3UyYKXjE+VgPl.194","action":"GetUpdates", "result":"DeleteReceived", "context":{"id":"e44a2db8-2b72-429f-9a4b-5834264dc898", "isDeleted:":"true", "version":"1732421263816"}}
{"logTime": "1127/231922", "correlationVector":"Q6K0MLsQH3UyYKXjE+VgPl.195","action":"GetUpdates", "result":"DeleteReceived", "context":{"id":"2a7a9b85-9ce6-4dbc-9fe0-23afa25fae53", "isDeleted:":"true", "version":"1732421263819"}}
{"logTime": "1127/231922", "correlationVector":"Q6K0MLsQH3UyYKXjE+VgPl.196","action":"GetUpdates", "result":"DeleteReceived", "context":{"id":"ec0c90df-9ed9-4baa-9899-fe7bf2eefe15", "isDeleted:":"true", "version":"1732421328788"}}
{"logTime": "1127/231922", "correlationVector":"Q6K0MLsQH3UyYKXjE+VgPl.197","action":"GetUpdates", "result":"DeleteReceived", "context":{"id":"12016be9-f7ca-490c-88fa-764d6984d48e", "isDeleted:":"true", "version":"1732463799245"}}
{"logTime": "1127/231922", "correlationVector":"Q6K0MLsQH3UyYKXjE+VgPl.198","action":"GetUpdates", "result":"DeleteReceived", "context":{"id":"42e97605-5752-44e8-80b6-8d37ac9660e2", "isDeleted:":"true", "version":"1732463840465"}}
{"logTime": "1127/231922", "correlationVector":"Q6K0MLsQH3UyYKXjE+VgPl.199","action":"GetUpdates", "result":"DeleteReceived", "context":{"id":"e41bdbfe-de13-40c3-80d4-84c4e73720d4", "isDeleted:":"true", "version":"1732463886923"}}
{"logTime": "1127/231922", "correlationVector":"Q6K0MLsQH3UyYKXjE+VgPl.200","action":"GetUpdates", "result":"DeleteReceived", "context":{"id":"54bf2c82-1e20-46df-9f4d-e5c3b8521966", "isDeleted:":"true", "version":"1732463886925"}}
{"logTime": "1127/231922", "correlationVector":"Q6K0MLsQH3UyYKXjE+VgPl.201","action":"GetUpdates", "result":"DeleteReceived", "context":{"id":"39e94ee1-c71c-483b-b558-6ffaa4c8ffa7", "isDeleted:":"true", "version":"1732464830217"}}
{"logTime": "1127/231922", "correlationVector":"Q6K0MLsQH3UyYKXjE+VgPl.202","action":"GetUpdates", "result":"DeleteReceived", "context":{"id":"86e19cba-1c34-4e5b-99d2-6a10cbac1aea", "isDeleted:":"true", "version":"1732464830218"}}
{"logTime": "1127/231922", "correlationVector":"Q6K0MLsQH3UyYKXjE+VgPl.203","action":"GetUpdates", "result":"DeleteReceived", "context":{"id":"cacce59f-5f51-4109-8510-220adb22255c", "isDeleted:":"true", "version":"1732465264486"}}
{"logTime": "1127/231922", "correlationVector":"Q6K0MLsQH3UyYKXjE+VgPl.204","action":"GetUpdates", "result":"DeleteReceived", "context":{"id":"24f88b7a-a826-4fee-b0f9-6a20ee5f3d92", "isDeleted:":"true", "version":"1732466272021"}}
{"logTime": "1127/231922", "correlationVector":"Q6K0MLsQH3UyYKXjE+VgPl.205","action":"GetUpdates", "result":"DeleteReceived", "context":{"id":"3a753162-ee62-47bd-ab85-9fed3b252f37", "isDeleted:":"true", "version":"1732466719895"}}
{"logTime": "1127/231922", "correlationVector":"Q6K0MLsQH3UyYKXjE+VgPl.206","action":"GetUpdates", "result":"DeleteReceived", "context":{"id":"56067794-ba93-4fd1-987a-a2f4cdc01406", "isDeleted:":"true", "version":"1732466896617"}}
{"logTime": "1127/231922", "correlationVector":"Q6K0MLsQH3UyYKXjE+VgPl.207","action":"GetUpdates", "result":"DeleteReceived", "context":{"id":"457be868-c29d-4624-8c76-42f33ee8065f", "isDeleted:":"true", "version":"1732467420771"}}
{"logTime": "1127/231922", "correlationVector":"Q6K0MLsQH3UyYKXjE+VgPl.208","action":"GetUpdates", "result":"DeleteReceived", "context":{"id":"a7c8d952-de0c-4944-b40e-518155230d76", "isDeleted:":"true", "version":"1732467420772"}}
{"logTime": "1127/231922", "correlationVector":"Q6K0MLsQH3UyYKXjE+VgPl.209","action":"GetUpdates", "result":"DeleteReceived", "context":{"id":"0f52cafb-0c99-4957-bd65-e5f092a817a4", "isDeleted:":"true", "version":"1732467420773"}}
{"logTime": "1127/231922", "correlationVector":"Q6K0MLsQH3UyYKXjE+VgPl.210","action":"GetUpdates", "result":"DeleteReceived", "context":{"id":"4edc7bc7-15f3-4b88-a2f0-1a1f127b59c6", "isDeleted:":"true", "version":"1732467420774"}}
{"logTime": "1127/231922", "correlationVector":"Q6K0MLsQH3UyYKXjE+VgPl.211","action":"GetUpdates", "result":"DeleteReceived", "context":{"id":"f78c3ef4-2f73-4e32-bb4d-814a0f1d7831", "isDeleted:":"true", "version":"1732467420775"}}
{"logTime": "1127/231922", "correlationVector":"Q6K0MLsQH3UyYKXjE+VgPl.212","action":"GetUpdates", "result":"DeleteReceived", "context":{"id":"89039c24-a916-4da2-bd77-832bbc4f3f0a", "isDeleted:":"true", "version":"1732467557440"}}
{"logTime": "1127/231922", "correlationVector":"Q6K0MLsQH3UyYKXjE+VgPl.213","action":"GetUpdates", "result":"DeleteReceived", "context":{"id":"57491312-2491-465c-abf2-49f52a3eaed9", "isDeleted:":"true", "version":"1732467686712"}}
{"logTime": "1127/231922", "correlationVector":"Q6K0MLsQH3UyYKXjE+VgPl.214","action":"GetUpdates", "result":"DeleteReceived", "context":{"id":"0237d92d-2d3d-4142-9f6c-69dfc7416422", "isDeleted:":"true", "version":"1732468625097"}}
{"logTime": "1127/231922", "correlationVector":"Q6K0MLsQH3UyYKXjE+VgPl.215","action":"GetUpdates", "result":"DeleteReceived", "context":{"id":"1b3d0927-ba06-4da5-aa13-9be700a3700f", "isDeleted:":"true", "version":"1732469239539"}}
{"logTime": "1127/231922", "correlationVector":"Q6K0MLsQH3UyYKXjE+VgPl.216","action":"GetUpdates", "result":"DeleteReceived", "context":{"id":"cd5921e6-5077-4702-a362-84a6fcaffd8f", "isDeleted:":"true", "version":"1732469441889"}}
{"logTime": "1127/231922", "correlationVector":"Q6K0MLsQH3UyYKXjE+VgPl.217","action":"GetUpdates Response", "result":"Success", "context":Received 250 update(s). cV=Q6K0MLsQH3UyYKXjE+VgPl.0;server=GENERAL0100000V;cloudType=Consumer;environment=Prod_EastUS2_000e;migrationStage=NotStarted Some updates remain.}
{"logTime": "1127/231922", "correlationVector":"m/5bqZZawMk9jXBUYS3L/T","action":"Initial GetUpdates", "result":"", "context":Reason: NEWLY_SUPPORTED_DATATYPE. cV=m/5bqZZawMk9jXBUYS3L/T}
{"logTime": "1127/231922", "correlationVector":"m/5bqZZawMk9jXBUYS3L/T.1","action":"SyncServerConnectionManagerRequest", "result":"SYNC_SERVER_OK", "context":{"environment":"Prod_EastUS2_000e", "migrationStage":"NotStarted", "server":"GENERAL0100000J"}}
{"logTime": "1127/231922", "correlationVector":"m/5bqZZawMk9jXBUYS3L/T.2","action":"GetUpdates", "result":"DeleteReceived", "context":{"id":"4b78386f-7897-4763-92c8-02aa6167e50c", "isDeleted:":"true", "version":"1732659818757"}}
{"logTime": "1127/231922", "correlationVector":"m/5bqZZawMk9jXBUYS3L/T.3","action":"GetUpdates", "result":"DeleteReceived", "context":{"id":"00ab0822-0253-46c1-bcc3-5ca3a3c84091", "isDeleted:":"true", "version":"1732470264083"}}
{"logTime": "1127/231922", "correlationVector":"m/5bqZZawMk9jXBUYS3L/T.4","action":"GetUpdates", "result":"DeleteReceived", "context":{"id":"4a3bb0e1-372f-49df-b94b-f79b914e38d7", "isDeleted:":"true", "version":"1732470574702"}}
{"logTime": "1127/231922", "correlationVector":"m/5bqZZawMk9jXBUYS3L/T.5","action":"GetUpdates", "result":"DeleteReceived", "context":{"id":"56255a5e-6299-406e-8af1-f184392a0482", "isDeleted:":"true", "version":"1732470820773"}}
{"logTime": "1127/231922", "correlationVector":"m/5bqZZawMk9jXBUYS3L/T.6","action":"GetUpdates", "result":"DeleteReceived", "context":{"id":"7f6694f9-df1e-489b-98e6-370662e8af9e", "isDeleted:":"true", "version":"1732474236257"}}
{"logTime": "1127/231922", "correlationVector":"m/5bqZZawMk9jXBUYS3L/T.7","action":"GetUpdates", "result":"DeleteReceived", "context":{"id":"1881ea5c-2827-4ac1-98a1-d45f7c61c762", "isDeleted:":"true", "version":"1732475355793"}}
{"logTime": "1127/231922", "correlationVector":"m/5bqZZawMk9jXBUYS3L/T.8","action":"GetUpdates", "result":"DeleteReceived", "context":{"id":"0f7cf0a4-dba9-4ef7-8d21-5032b3006cf0", "isDeleted:":"true", "version":"1732476363611"}}
{"logTime": "1127/231922", "correlationVector":"m/5bqZZawMk9jXBUYS3L/T.9","action":"GetUpdates", "result":"DeleteReceived", "context":{"id":"36209ac3-cf56-4775-b775-628dc7d2cad4", "isDeleted:":"true", "version":"1732479842576"}}
{"logTime": "1127/231922", "correlationVector":"m/5bqZZawMk9jXBUYS3L/T.10","action":"GetUpdates", "result":"DeleteReceived", "context":{"id":"84c66842-4835-4126-ae8a-3de5bcd5de50", "isDeleted:":"true", "version":"1732479878537"}}
{"logTime": "1127/231922", "correlationVector":"m/5bqZZawMk9jXBUYS3L/T.11","action":"GetUpdates", "result":"DeleteReceived", "context":{"id":"c37b6eb5-6c33-4f74-b964-6121e95b91a4", "isDeleted:":"true", "version":"1732479878539"}}
{"logTime": "1127/231922", "correlationVector":"m/5bqZZawMk9jXBUYS3L/T.12","action":"GetUpdates", "result":"DeleteReceived", "context":{"id":"02993f23-82bf-4f7f-a222-f66328717179", "isDeleted:":"true", "version":"1732484584671"}}
{"logTime": "1127/231922", "correlationVector":"m/5bqZZawMk9jXBUYS3L/T.13","action":"GetUpdates", "result":"DeleteReceived", "context":{"id":"4651a884-ae73-4648-9d67-11e0412c163f", "isDeleted:":"true", "version":"1732486501265"}}
{"logTime": "1127/231922", "correlationVector":"m/5bqZZawMk9jXBUYS3L/T.14","action":"GetUpdates", "result":"DeleteReceived", "context":{"id":"83a6ef0e-cf76-4002-a442-5867d5830dc3", "isDeleted:":"true", "version":"1732491402631"}}
{"logTime": "1127/231922", "correlationVector":"m/5bqZZawMk9jXBUYS3L/T.15","action":"GetUpdates", "result":"DeleteReceived", "context":{"id":"61f60943-5e6f-4285-b1ff-317e1efb8587", "isDeleted:":"true", "version":"1732491586509"}}
{"logTime": "1127/231922", "correlationVector":"m/5bqZZawMk9jXBUYS3L/T.16","action":"GetUpdates", "result":"DeleteReceived", "context":{"id":"b8715b28-f45b-4209-9cb3-1851b09d4a03", "isDeleted:":"true", "version":"1732492372423"}}
{"logTime": "1127/231922", "correlationVector":"m/5bqZZawMk9jXBUYS3L/T.17","action":"GetUpdates", "result":"DeleteReceived", "context":{"id":"53e2e735-6a36-459d-8b33-b3dcf7e5944d", "isDeleted:":"true", "version":"1732492372424"}}
{"logTime": "1127/231922", "correlationVector":"m/5bqZZawMk9jXBUYS3L/T.18","action":"GetUpdates", "result":"DeleteReceived", "context":{"id":"a0d3de10-2cfb-42ed-8102-ffc5f634c3b1", "isDeleted:":"true", "version":"1732492372426"}}
{"logTime": "1127/231922", "correlationVector":"m/5bqZZawMk9jXBUYS3L/T.19","action":"GetUpdates", "result":"DeleteReceived", "context":{"id":"2a147522-fa05-4dcc-9288-e1c7e3f31d2b", "isDeleted:":"true", "version":"1732492402799"}}
{"logTime": "1127/231922", "correlationVector":"m/5bqZZawMk9jXBUYS3L/T.20","action":"GetUpdates", "result":"DeleteReceived", "context":{"id":"449ff43f-0202-4169-a9e8-feaea94602ef", "isDeleted:":"true", "version":"1732492981299"}}
{"logTime": "1127/231922", "correlationVector":"m/5bqZZawMk9jXBUYS3L/T.21","action":"GetUpdates", "result":"DeleteReceived", "context":{"id":"35f75089-8908-4f6d-a0d4-b1fbfb0487ee", "isDeleted:":"true", "version":"1732493525905"}}
{"logTime": "1127/231922", "correlationVector":"m/5bqZZawMk9jXBUYS3L/T.22","action":"GetUpdates", "result":"DeleteReceived", "context":{"id":"f1ec8cad-b2e2-452a-8f06-895710141c1a", "isDeleted:":"true", "version":"1732493605045"}}
{"logTime": "1127/231922", "correlationVector":"m/5bqZZawMk9jXBUYS3L/T.23","action":"GetUpdates", "result":"DeleteReceived", "context":{"id":"124a0241-0299-47be-bdc5-f9407c0bcdc2", "isDeleted:":"true", "version":"1732493605047"}}
{"logTime": "1127/231922", "correlationVector":"m/5bqZZawMk9jXBUYS3L/T.24","action":"GetUpdates", "result":"DeleteReceived", "context":{"id":"17b6f8db-e365-40e1-88d9-b6ddc0edbb41", "isDeleted:":"true", "version":"1732493744740"}}
{"logTime": "1127/231922", "correlationVector":"m/5bqZZawMk9jXBUYS3L/T.25","action":"GetUpdates", "result":"DeleteReceived", "context":{"id":"5f7e3f5a-fcea-4b9a-82a8-0832b7c9ff88", "isDeleted:":"true", "version":"1732495659912"}}
{"logTime": "1127/231922", "correlationVector":"m/5bqZZawMk9jXBUYS3L/T.26","action":"GetUpdates", "result":"DeleteReceived", "context":{"id":"9adfae6c-24a6-48bc-9a19-7fe2012b872d", "isDeleted:":"true", "version":"1732495911996"}}
{"logTime": "1127/231922", "correlationVector":"m/5bqZZawMk9jXBUYS3L/T.27","action":"GetUpdates", "result":"DeleteReceived", "context":{"id":"5f8a548a-3687-4a4d-aca5-4bd8807af09f", "isDeleted:":"true", "version":"1732496356934"}}
{"logTime": "1127/231922", "correlationVector":"m/5bqZZawMk9jXBUYS3L/T.28","action":"GetUpdates", "result":"DeleteReceived", "context":{"id":"1f370d3d-1235-4b53-8499-6cedcaf6fe6c", "isDeleted:":"true", "version":"1732496453486"}}
{"logTime": "1127/231922", "correlationVector":"m/5bqZZawMk9jXBUYS3L/T.29","action":"GetUpdates", "result":"DeleteReceived", "context":{"id":"98bac1a1-b23b-42b4-80d4-dd364ab3010e", "isDeleted:":"true", "version":"1732497649455"}}
{"logTime": "1127/231922", "correlationVector":"m/5bqZZawMk9jXBUYS3L/T.30","action":"GetUpdates", "result":"DeleteReceived", "context":{"id":"badfa45e-13b1-4a8f-814e-3fb1245b02b4", "isDeleted:":"true", "version":"1732497649456"}}
{"logTime": "1127/231922", "correlationVector":"m/5bqZZawMk9jXBUYS3L/T.31","action":"GetUpdates", "result":"DeleteReceived", "context":{"id":"a04601da-38a6-4423-8988-82c207ccdb80", "isDeleted:":"true", "version":"1732497649457"}}
{"logTime": "1127/231922", "correlationVector":"m/5bqZZawMk9jXBUYS3L/T.32","action":"GetUpdates", "result":"DeleteReceived", "context":{"id":"974b3cd3-d3b6-4ab9-8d81-f750d2b6e6cd", "isDeleted:":"true", "version":"1732497649458"}}
{"logTime": "1127/231922", "correlationVector":"m/5bqZZawMk9jXBUYS3L/T.33","action":"GetUpdates", "result":"DeleteReceived", "context":{"id":"115ca1ca-f0eb-4b93-9146-a572e45e1561", "isDeleted:":"true", "version":"1732497649459"}}
{"logTime": "1127/231922", "correlationVector":"m/5bqZZawMk9jXBUYS3L/T.34","action":"GetUpdates", "result":"DeleteReceived", "context":{"id":"ff32d049-82d8-4b3c-9a10-303657712dae", "isDeleted:":"true", "version":"1732497649461"}}
{"logTime": "1127/231922", "correlationVector":"m/5bqZZawMk9jXBUYS3L/T.35","action":"GetUpdates", "result":"DeleteReceived", "context":{"id":"d20f1227-3bfb-4f0b-8acb-7d18dc9e43ed", "isDeleted:":"true", "version":"1732497739141"}}
{"logTime": "1127/231922", "correlationVector":"m/5bqZZawMk9jXBUYS3L/T.36","action":"GetUpdates", "result":"DeleteReceived", "context":{"id":"2ea27cad-7a71-4d2c-be27-5069df8859ab", "isDeleted:":"true", "version":"1732501258350"}}
{"logTime": "1127/231922", "correlationVector":"m/5bqZZawMk9jXBUYS3L/T.37","action":"GetUpdates", "result":"DeleteReceived", "context":{"id":"f16d2fa2-32d1-45e6-885e-0de96208eeb6", "isDeleted:":"true", "version":"1732501259593"}}
{"logTime": "1127/231922", "correlationVector":"m/5bqZZawMk9jXBUYS3L/T.38","action":"GetUpdates", "result":"DeleteReceived", "context":{"id":"29bb16fd-169f-4e59-ad1b-967424f59ee9", "isDeleted:":"true", "version":"1732536266788"}}
{"logTime": "1127/231922", "correlationVector":"m/5bqZZawMk9jXBUYS3L/T.39","action":"GetUpdates", "result":"DeleteReceived", "context":{"id":"62d2b34d-6165-4e4b-8207-c4c50def1084", "isDeleted:":"true", "version":"1732536266789"}}
{"logTime": "1127/231922", "correlationVector":"m/5bqZZawMk9jXBUYS3L/T.40","action":"GetUpdates", "result":"DeleteReceived", "context":{"id":"bca9b099-8725-40da-9edb-a63c64cbaa15", "isDeleted:":"true", "version":"1732536266790"}}
{"logTime": "1127/231922", "correlationVector":"m/5bqZZawMk9jXBUYS3L/T.41","action":"GetUpdates", "result":"DeleteReceived", "context":{"id":"3fc99c16-5643-4c4c-a12b-c63d0fd782b1", "isDeleted:":"true", "version":"1732536266791"}}
{"logTime": "1127/231922", "correlationVector":"m/5bqZZawMk9jXBUYS3L/T.42","action":"GetUpdates", "result":"DeleteReceived", "context":{"id":"00eb6252-e63b-4c22-aae2-25ba84a5a2ba", "isDeleted:":"true", "version":"1732536266793"}}
{"logTime": "1127/231922", "correlationVector":"m/5bqZZawMk9jXBUYS3L/T.43","action":"GetUpdates", "result":"DeleteReceived", "context":{"id":"ac1dfd17-fbe7-4274-9c87-b3b9c48f52d8", "isDeleted:":"true", "version":"1732536266794"}}
{"logTime": "1127/231922", "correlationVector":"m/5bqZZawMk9jXBUYS3L/T.44","action":"GetUpdates", "result":"DeleteReceived", "context":{"id":"cc759884-34b3-45bd-8bb2-b41057fbde8d", "isDeleted:":"true", "version":"1732536266795"}}
{"logTime": "1127/231922", "correlationVector":"m/5bqZZawMk9jXBUYS3L/T.45","action":"GetUpdates", "result":"DeleteReceived", "context":{"id":"4f2d4e4c-755f-4604-b9b9-20b0e8350b16", "isDeleted:":"true", "version":"1732536266796"}}
{"logTime": "1127/231922", "correlationVector":"m/5bqZZawMk9jXBUYS3L/T.46","action":"GetUpdates", "result":"DeleteReceived", "context":{"id":"d0743eee-323b-4208-aa21-e5f3482acf86", "isDeleted:":"true", "version":"1732575175476"}}
{"logTime": "1127/231922", "correlationVector":"m/5bqZZawMk9jXBUYS3L/T.47","action":"GetUpdates", "result":"DeleteReceived", "context":{"id":"6be57e45-6315-4fd3-9abd-0e0f3af75d29", "isDeleted:":"true", "version":"1732575375114"}}
{"logTime": "1127/231922", "correlationVector":"m/5bqZZawMk9jXBUYS3L/T.48","action":"GetUpdates", "result":"DeleteReceived", "context":{"id":"77654965-874b-459c-a428-62c9bb4f9608", "isDeleted:":"true", "version":"1732578449995"}}
{"logTime": "1127/231922", "correlationVector":"m/5bqZZawMk9jXBUYS3L/T.49","action":"GetUpdates", "result":"DeleteReceived", "context":{"id":"ba33fea5-2b5b-4adf-9455-4bea77498089", "isDeleted:":"true", "version":"1732578642179"}}
{"logTime": "1127/231922", "correlationVector":"m/5bqZZawMk9jXBUYS3L/T.50","action":"GetUpdates", "result":"DeleteReceived", "context":{"id":"719d78e6-4c1e-4110-a55c-5ad8717c231c", "isDeleted:":"true", "version":"1732584369976"}}
{"logTime": "1127/231922", "correlationVector":"m/5bqZZawMk9jXBUYS3L/T.51","action":"GetUpdates", "result":"DeleteReceived", "context":{"id":"122dfc98-a014-42a6-bd68-f9e02e1eaf00", "isDeleted:":"true", "version":"1732584369977"}}
{"logTime": "1127/231922", "correlationVector":"m/5bqZZawMk9jXBUYS3L/T.52","action":"GetUpdates", "result":"DeleteReceived", "context":{"id":"4e353528-d7bd-4a3f-a620-5aa55a884311", "isDeleted:":"true", "version":"1732584369980"}}
{"logTime": "1127/231922", "correlationVector":"m/5bqZZawMk9jXBUYS3L/T.53","action":"GetUpdates", "result":"DeleteReceived", "context":{"id":"0f9f8152-7ceb-4f64-8ab9-fce116e20cd7", "isDeleted:":"true", "version":"1732584403349"}}
{"logTime": "1127/231922", "correlationVector":"m/5bqZZawMk9jXBUYS3L/T.54","action":"GetUpdates", "result":"DeleteReceived", "context":{"id":"da184411-f5f9-493e-a115-fdbb87f7f9c3", "isDeleted:":"true", "version":"1732584468577"}}
{"logTime": "1127/231922", "correlationVector":"m/5bqZZawMk9jXBUYS3L/T.55","action":"GetUpdates", "result":"DeleteReceived", "context":{"id":"410ca717-e46f-4740-98b3-8825b0e6dd12", "isDeleted:":"true", "version":"1732586617818"}}
{"logTime": "1127/231922", "correlationVector":"m/5bqZZawMk9jXBUYS3L/T.56","action":"GetUpdates", "result":"DeleteReceived", "context":{"id":"007cc334-bfb6-4e5b-bc83-27f2971e6103", "isDeleted:":"true", "version":"1732586998043"}}
{"logTime": "1127/231922", "correlationVector":"m/5bqZZawMk9jXBUYS3L/T.57","action":"GetUpdates", "result":"DeleteReceived", "context":{"id":"a9d5eb7b-34b2-4508-92ad-5daf77f4bd52", "isDeleted:":"true", "version":"1732623934506"}}
{"logTime": "1127/231922", "correlationVector":"m/5bqZZawMk9jXBUYS3L/T.58","action":"GetUpdates", "result":"DeleteReceived", "context":{"id":"ca81d46e-75b8-4db4-911c-9a00fec23e3a", "isDeleted:":"true", "version":"1732623934507"}}
{"logTime": "1127/231922", "correlationVector":"m/5bqZZawMk9jXBUYS3L/T.59","action":"GetUpdates", "result":"DeleteReceived", "context":{"id":"54795c43-0b6e-4848-969c-cb050027058c", "isDeleted:":"true", "version":"1732637316682"}}
{"logTime": "1127/231922", "correlationVector":"m/5bqZZawMk9jXBUYS3L/T.60","action":"GetUpdates", "result":"DeleteReceived", "context":{"id":"ffc7826f-61a5-4660-ae57-9ac41c164c8b", "isDeleted:":"true", "version":"1732637812206"}}
{"logTime": "1127/231922", "correlationVector":"m/5bqZZawMk9jXBUYS3L/T.61","action":"GetUpdates", "result":"DeleteReceived", "context":{"id":"e965e60a-0ff1-4c48-bc9d-b19bd8cff751", "isDeleted:":"true", "version":"1732638045346"}}
{"logTime": "1127/231922", "correlationVector":"m/5bqZZawMk9jXBUYS3L/T.62","action":"GetUpdates", "result":"DeleteReceived", "context":{"id":"ec9c5089-6be7-4cc9-86d4-e8bb15483ea6", "isDeleted:":"true", "version":"1732638316228"}}
{"logTime": "1127/231922", "correlationVector":"m/5bqZZawMk9jXBUYS3L/T.63","action":"GetUpdates", "result":"DeleteReceived", "context":{"id":"8f330ef9-e9dc-4879-a832-7958fc763648", "isDeleted:":"true", "version":"1732638344627"}}
{"logTime": "1127/231922", "correlationVector":"m/5bqZZawMk9jXBUYS3L/T.64","action":"GetUpdates", "result":"DeleteReceived", "context":{"id":"2f6039ea-379a-459a-8435-6af714e0b156", "isDeleted:":"true", "version":"1732641370486"}}
{"logTime": "1127/231922", "correlationVector":"m/5bqZZawMk9jXBUYS3L/T.65","action":"GetUpdates", "result":"DeleteReceived", "context":{"id":"ffe83b51-f041-4311-b4d6-d2de032acc5a", "isDeleted:":"true", "version":"1732641969140"}}
{"logTime": "1127/231922", "correlationVector":"m/5bqZZawMk9jXBUYS3L/T.66","action":"GetUpdates", "result":"DeleteReceived", "context":{"id":"75417ad1-a437-4286-a076-a98a4c4dcc4d", "isDeleted:":"true", "version":"1732642362909"}}
{"logTime": "1127/231922", "correlationVector":"m/5bqZZawMk9jXBUYS3L/T.67","action":"GetUpdates", "result":"DeleteReceived", "context":{"id":"e9f1cfa5-1307-40b3-adc5-0595c51e1a5e", "isDeleted:":"true", "version":"1732642447950"}}
{"logTime": "1127/231922", "correlationVector":"m/5bqZZawMk9jXBUYS3L/T.68","action":"GetUpdates", "result":"DeleteReceived", "context":{"id":"638ada01-8906-45bc-b6a2-b1e5206bee4a", "isDeleted:":"true", "version":"1732642704666"}}
{"logTime": "1127/231922", "correlationVector":"m/5bqZZawMk9jXBUYS3L/T.69","action":"GetUpdates", "result":"DeleteReceived", "context":{"id":"eda2e08c-2b01-45f5-b251-d442f3d6d4e8", "isDeleted:":"true", "version":"1732642735290"}}
{"logTime": "1127/231922", "correlationVector":"m/5bqZZawMk9jXBUYS3L/T.70","action":"GetUpdates", "result":"DeleteReceived", "context":{"id":"c3e352f2-a610-427c-b917-80aba2c880f6", "isDeleted:":"true", "version":"1732642735291"}}
{"logTime": "1127/231922", "correlationVector":"m/5bqZZawMk9jXBUYS3L/T.71","action":"GetUpdates", "result":"DeleteReceived", "context":{"id":"945b5eb4-bd9f-47a3-b9ed-6b5df2a90360", "isDeleted:":"true", "version":"1732642735292"}}
{"logTime": "1127/231922", "correlationVector":"m/5bqZZawMk9jXBUYS3L/T.72","action":"GetUpdates", "result":"DeleteReceived", "context":{"id":"637212ca-2a1b-49af-b235-a45b81ab870d", "isDeleted:":"true", "version":"1732642735293"}}
{"logTime": "1127/231922", "correlationVector":"m/5bqZZawMk9jXBUYS3L/T.73","action":"GetUpdates", "result":"DeleteReceived", "context":{"id":"345e8dc9-6ff0-4ce2-bd1f-1fdefce53b2d", "isDeleted:":"true", "version":"1732642735294"}}
{"logTime": "1127/231922", "correlationVector":"m/5bqZZawMk9jXBUYS3L/T.74","action":"GetUpdates", "result":"DeleteReceived", "context":{"id":"10be20ce-3c1c-4595-a6b5-627d505700e8", "isDeleted:":"true", "version":"1732646642580"}}
{"logTime": "1127/231922", "correlationVector":"m/5bqZZawMk9jXBUYS3L/T.75","action":"GetUpdates", "result":"DeleteReceived", "context":{"id":"1b250196-15ea-440d-9c64-12a3ff159ccb", "isDeleted:":"true", "version":"1732647226954"}}
{"logTime": "1127/231922", "correlationVector":"m/5bqZZawMk9jXBUYS3L/T.76","action":"GetUpdates", "result":"DeleteReceived", "context":{"id":"d875f5a4-38bd-41ae-9641-80643890b2a0", "isDeleted:":"true", "version":"1732647226955"}}
{"logTime": "1127/231922", "correlationVector":"m/5bqZZawMk9jXBUYS3L/T.77","action":"GetUpdates", "result":"DeleteReceived", "context":{"id":"866afd5e-70f4-49db-a3eb-16cca07dab67", "isDeleted:":"true", "version":"1732650311985"}}
{"logTime": "1127/231922", "correlationVector":"m/5bqZZawMk9jXBUYS3L/T.78","action":"GetUpdates", "result":"DeleteReceived", "context":{"id":"d082fb37-ace9-4c0e-bceb-5e9204d29bea", "isDeleted:":"true", "version":"1732650379554"}}
{"logTime": "1127/231922", "correlationVector":"m/5bqZZawMk9jXBUYS3L/T.79","action":"GetUpdates", "result":"DeleteReceived", "context":{"id":"e6ddc3b1-33dd-4223-aa6b-1b0d0f7fff2c", "isDeleted:":"true", "version":"1732654325057"}}
{"logTime": "1127/231922", "correlationVector":"m/5bqZZawMk9jXBUYS3L/T.80","action":"GetUpdates", "result":"DeleteReceived", "context":{"id":"f3315a68-06ce-46b8-a9e1-bc8b2187085c", "isDeleted:":"true", "version":"1732654420837"}}
{"logTime": "1127/231922", "correlationVector":"m/5bqZZawMk9jXBUYS3L/T.81","action":"GetUpdates", "result":"DeleteReceived", "context":{"id":"e6f0909a-bad8-437a-b01b-850688d9cf79", "isDeleted:":"true", "version":"1732654489537"}}
{"logTime": "1127/231922", "correlationVector":"m/5bqZZawMk9jXBUYS3L/T.82","action":"GetUpdates", "result":"DeleteReceived", "context":{"id":"1986266b-44a0-4b97-af68-e48bd4e90ed0", "isDeleted:":"true", "version":"1732654489538"}}
{"logTime": "1127/231922", "correlationVector":"m/5bqZZawMk9jXBUYS3L/T.83","action":"GetUpdates", "result":"DeleteReceived", "context":{"id":"cb2cb932-2599-4906-b5d1-f4ccb46e44da", "isDeleted:":"true", "version":"1732654688786"}}
{"logTime": "1127/231922", "correlationVector":"m/5bqZZawMk9jXBUYS3L/T.84","action":"GetUpdates", "result":"DeleteReceived", "context":{"id":"b40be29a-47d3-400f-a4bb-050e8664a249", "isDeleted:":"true", "version":"1732654688787"}}
{"logTime": "1127/231922", "correlationVector":"m/5bqZZawMk9jXBUYS3L/T.85","action":"GetUpdates", "result":"DeleteReceived", "context":{"id":"3d877c45-7eee-4a25-b11f-18ae65de1b18", "isDeleted:":"true", "version":"1732655009731"}}
{"logTime": "1127/231922", "correlationVector":"m/5bqZZawMk9jXBUYS3L/T.86","action":"GetUpdates", "result":"DeleteReceived", "context":{"id":"34179d5c-1d06-4247-bd6f-a12de3ca1415", "isDeleted:":"true", "version":"1732655134177"}}
{"logTime": "1127/231922", "correlationVector":"m/5bqZZawMk9jXBUYS3L/T.87","action":"GetUpdates", "result":"DeleteReceived", "context":{"id":"0f228506-863d-4313-8f8a-6a06c8076df5", "isDeleted:":"true", "version":"1732655134178"}}
{"logTime": "1127/231922", "correlationVector":"m/5bqZZawMk9jXBUYS3L/T.88","action":"GetUpdates", "result":"DeleteReceived", "context":{"id":"4e600670-ef8e-4ce5-9076-1507df0a6692", "isDeleted:":"true", "version":"1732655170310"}}
{"logTime": "1127/231922", "correlationVector":"m/5bqZZawMk9jXBUYS3L/T.89","action":"GetUpdates", "result":"DeleteReceived", "context":{"id":"8bd17ad2-e008-4596-afc0-62b4873d77d1", "isDeleted:":"true", "version":"1732658484779"}}
{"logTime": "1127/231922", "correlationVector":"m/5bqZZawMk9jXBUYS3L/T.90","action":"GetUpdates", "result":"DeleteReceived", "context":{"id":"40cbd29a-f511-4546-bc9f-12614682bff4", "isDeleted:":"true", "version":"1732658484781"}}
{"logTime": "1127/231922", "correlationVector":"m/5bqZZawMk9jXBUYS3L/T.91","action":"GetUpdates", "result":"DeleteReceived", "context":{"id":"1a0ff04d-a187-4833-921a-d2b2bbf86571", "isDeleted:":"true", "version":"1732658547414"}}
{"logTime": "1127/231922", "correlationVector":"m/5bqZZawMk9jXBUYS3L/T.92","action":"GetUpdates", "result":"DeleteReceived", "context":{"id":"15a386a8-1ebb-4c78-b650-a0721889b89a", "isDeleted:":"true", "version":"1732658547415"}}
{"logTime": "1127/231922", "correlationVector":"m/5bqZZawMk9jXBUYS3L/T.93","action":"GetUpdates", "result":"DeleteReceived", "context":{"id":"2d4c6a3b-245c-4a83-8319-71a44078cefd", "isDeleted:":"true", "version":"1732659518704"}}
{"logTime": "1127/231922", "correlationVector":"m/5bqZZawMk9jXBUYS3L/T.94","action":"GetUpdates", "result":"DeleteReceived", "context":{"id":"51c3dcad-d918-4236-99b6-4b5270e60541", "isDeleted:":"true", "version":"1732659715420"}}
{"logTime": "1127/231922", "correlationVector":"m/5bqZZawMk9jXBUYS3L/T.95","action":"GetUpdates", "result":"DeleteReceived", "context":{"id":"30a7f983-4c29-429b-ba4f-878a519fafd7", "isDeleted:":"true", "version":"1732661086829"}}
{"logTime": "1127/231922", "correlationVector":"m/5bqZZawMk9jXBUYS3L/T.96","action":"GetUpdates", "result":"DeleteReceived", "context":{"id":"67be137f-bd23-41bb-a5f4-e77f83ca59df", "isDeleted:":"true", "version":"1732661086831"}}
{"logTime": "1127/231922", "correlationVector":"m/5bqZZawMk9jXBUYS3L/T.97","action":"GetUpdates", "result":"DeleteReceived", "context":{"id":"736cfd83-08a2-4b25-aba3-8621b9db9375", "isDeleted:":"true", "version":"1732661742773"}}
{"logTime": "1127/231922", "correlationVector":"m/5bqZZawMk9jXBUYS3L/T.98","action":"GetUpdates", "result":"DeleteReceived", "context":{"id":"2dddd89d-d89a-424b-85cb-d380444bf88b", "isDeleted:":"true", "version":"1732661742774"}}
{"logTime": "1127/231922", "correlationVector":"m/5bqZZawMk9jXBUYS3L/T.99","action":"GetUpdates", "result":"DeleteReceived", "context":{"id":"b7e17a00-c471-4034-a82a-5660437f6ece", "isDeleted:":"true", "version":"1732666689629"}}
{"logTime": "1127/231922", "correlationVector":"m/5bqZZawMk9jXBUYS3L/T.100","action":"GetUpdates", "result":"DeleteReceived", "context":{"id":"5a25d70f-be33-4bb0-823d-774786902834", "isDeleted:":"true", "version":"1732668311156"}}
{"logTime": "1127/231922", "correlationVector":"m/5bqZZawMk9jXBUYS3L/T.101","action":"GetUpdates", "result":"DeleteReceived", "context":{"id":"2e734ca0-e00f-4065-8b5f-e0ac2ee33eba", "isDeleted:":"true", "version":"1732668685409"}}
{"logTime": "1127/231922", "correlationVector":"m/5bqZZawMk9jXBUYS3L/T.102","action":"GetUpdates", "result":"DeleteReceived", "context":{"id":"feb2244f-1f07-4407-a662-8bcd401a7327", "isDeleted:":"true", "version":"1732670545702"}}
{"logTime": "1127/231922", "correlationVector":"m/5bqZZawMk9jXBUYS3L/T.103","action":"GetUpdates", "result":"DeleteReceived", "context":{"id":"2f36fd3a-6291-4844-a029-62969e098367", "isDeleted:":"true", "version":"1732671424652"}}
{"logTime": "1127/231922", "correlationVector":"m/5bqZZawMk9jXBUYS3L/T.104","action":"GetUpdates", "result":"DeleteReceived", "context":{"id":"702ba05b-97c3-456b-a42a-81f489fec424", "isDeleted:":"true", "version":"1732671424657"}}
{"logTime": "1127/231922", "correlationVector":"m/5bqZZawMk9jXBUYS3L/T.105","action":"GetUpdates", "result":"DeleteReceived", "context":{"id":"b934cfe2-00e3-4e56-8fa6-60277164c53b", "isDeleted:":"true", "version":"1732671465470"}}
{"logTime": "1127/231922", "correlationVector":"m/5bqZZawMk9jXBUYS3L/T.106","action":"GetUpdates", "result":"DeleteReceived", "context":{"id":"6ff5d343-0ad1-44df-9c89-99f5b3bd31ab", "isDeleted:":"true", "version":"1732671465471"}}
{"logTime": "1127/231922", "correlationVector":"m/5bqZZawMk9jXBUYS3L/T.107","action":"GetUpdates", "result":"DeleteReceived", "context":{"id":"3bb3a4b6-7706-44db-a63e-8ff0b64d5ed8", "isDeleted:":"true", "version":"1732671465474"}}
{"logTime": "1127/231922", "correlationVector":"m/5bqZZawMk9jXBUYS3L/T.108","action":"GetUpdates", "result":"DeleteReceived", "context":{"id":"42456a48-c4b2-42c6-b925-adbc712f80a9", "isDeleted:":"true", "version":"1732671465475"}}
{"logTime": "1127/231922", "correlationVector":"m/5bqZZawMk9jXBUYS3L/T.109","action":"GetUpdates", "result":"DeleteReceived", "context":{"id":"79c6e566-1446-49c5-8b62-52d7c2548ebc", "isDeleted:":"true", "version":"1732671465477"}}
{"logTime": "1127/231922", "correlationVector":"m/5bqZZawMk9jXBUYS3L/T.110","action":"GetUpdates", "result":"DeleteReceived", "context":{"id":"474f8a36-5b86-4197-a594-ad4c623d8cd1", "isDeleted:":"true", "version":"1732671465478"}}
{"logTime": "1127/231922", "correlationVector":"m/5bqZZawMk9jXBUYS3L/T.111","action":"GetUpdates", "result":"DeleteReceived", "context":{"id":"988b213e-4a4c-43bc-8e50-92118bda080a", "isDeleted:":"true", "version":"1732672260638"}}
{"logTime": "1127/231922", "correlationVector":"m/5bqZZawMk9jXBUYS3L/T.112","action":"GetUpdates", "result":"DeleteReceived", "context":{"id":"8d17ba9d-87d8-48f4-bc72-60aba266798b", "isDeleted:":"true", "version":"1732672260639"}}
{"logTime": "1127/231922", "correlationVector":"m/5bqZZawMk9jXBUYS3L/T.113","action":"GetUpdates", "result":"DeleteReceived", "context":{"id":"3df93f6b-3617-4a0c-b71f-6ebc1cf97ea2", "isDeleted:":"true", "version":"1732672260642"}}
{"logTime": "1127/231922", "correlationVector":"m/5bqZZawMk9jXBUYS3L/T.114","action":"GetUpdates", "result":"DeleteReceived", "context":{"id":"5da191c5-5f9d-4acd-90b1-a174613ca8ab", "isDeleted:":"true", "version":"1732673736710"}}
{"logTime": "1127/231922", "correlationVector":"m/5bqZZawMk9jXBUYS3L/T.115","action":"GetUpdates", "result":"DeleteReceived", "context":{"id":"762c5462-3057-4e76-bf0e-bbfec723fcf0", "isDeleted:":"true", "version":"1732674176001"}}
{"logTime": "1127/231922", "correlationVector":"m/5bqZZawMk9jXBUYS3L/T.116","action":"GetUpdates", "result":"DeleteReceived", "context":{"id":"e78e1f27-4aa6-4c02-8408-a0a183b6812f", "isDeleted:":"true", "version":"1732674300199"}}
{"logTime": "1127/231922", "correlationVector":"m/5bqZZawMk9jXBUYS3L/T.117","action":"GetUpdates", "result":"DeleteReceived", "context":{"id":"b726ffe5-269e-4aaf-a344-aee44ba0209d", "isDeleted:":"true", "version":"1732674370523"}}
{"logTime": "1127/231922", "correlationVector":"m/5bqZZawMk9jXBUYS3L/T.118","action":"GetUpdates", "result":"DeleteReceived", "context":{"id":"9aa9a370-7fb1-41e6-a3aa-459cc26e2833", "isDeleted:":"true", "version":"1732674370524"}}
{"logTime": "1127/231922", "correlationVector":"m/5bqZZawMk9jXBUYS3L/T.119","action":"GetUpdates", "result":"DeleteReceived", "context":{"id":"d26e27c6-8630-4ff8-bdad-3c7b4f508e3e", "isDeleted:":"true", "version":"1732674370525"}}
{"logTime": "1127/231922", "correlationVector":"m/5bqZZawMk9jXBUYS3L/T.120","action":"GetUpdates", "result":"DeleteReceived", "context":{"id":"ce230924-f8b9-49cb-bae6-e504c2545c25", "isDeleted:":"true", "version":"1732674370526"}}
{"logTime": "1127/231922", "correlationVector":"m/5bqZZawMk9jXBUYS3L/T.121","action":"GetUpdates", "result":"DeleteReceived", "context":{"id":"fc065d78-a65d-407d-b763-85263594978a", "isDeleted:":"true", "version":"1732674370527"}}
{"logTime": "1127/231922", "correlationVector":"m/5bqZZawMk9jXBUYS3L/T.122","action":"GetUpdates", "result":"DeleteReceived", "context":{"id":"3ffaf074-7205-442d-8646-ff0d6215b41a", "isDeleted:":"true", "version":"1732723838030"}}
{"logTime": "1127/231922", "correlationVector":"m/5bqZZawMk9jXBUYS3L/T.123","action":"GetUpdates", "result":"DeleteReceived", "context":{"id":"4cc08a81-a3f1-48a1-9b33-41e095c850c4", "isDeleted:":"true", "version":"1732723838031"}}
{"logTime": "1127/231922", "correlationVector":"m/5bqZZawMk9jXBUYS3L/T.124","action":"GetUpdates", "result":"DeleteReceived", "context":{"id":"3d83bb0a-84db-4cea-977b-c6dfc0e0a998", "isDeleted:":"true", "version":"1732723838032"}}
{"logTime": "1127/231922", "correlationVector":"m/5bqZZawMk9jXBUYS3L/T.125","action":"GetUpdates", "result":"DeleteReceived", "context":{"id":"1cff4172-4b33-43f7-a2de-54c57279a75a", "isDeleted:":"true", "version":"1732725176446"}}
{"logTime": "1127/231922", "correlationVector":"m/5bqZZawMk9jXBUYS3L/T.126","action":"GetUpdates", "result":"DeleteReceived", "context":{"id":"ce3e5959-1cd7-43a1-9633-dc2e556c0dd2", "isDeleted:":"true", "version":"1732728563503"}}
{"logTime": "1127/231922", "correlationVector":"m/5bqZZawMk9jXBUYS3L/T.127","action":"GetUpdates", "result":"DeleteReceived", "context":{"id":"9827a6b1-9fc9-4b0b-b39d-1bf4b6f79915", "isDeleted:":"true", "version":"1732728563504"}}
{"logTime": "1127/231922", "correlationVector":"m/5bqZZawMk9jXBUYS3L/T.128","action":"GetUpdates", "result":"DeleteReceived", "context":{"id":"2f177e80-4e53-4ecf-84b1-f9f3c67fab44", "isDeleted:":"true", "version":"1732729393591"}}
{"logTime": "1127/231922", "correlationVector":"m/5bqZZawMk9jXBUYS3L/T.129","action":"GetUpdates", "result":"DeleteReceived", "context":{"id":"4b215a4b-8f6a-4721-8add-6e505d384891", "isDeleted:":"true", "version":"1732729760669"}}
{"logTime": "1127/231922", "correlationVector":"m/5bqZZawMk9jXBUYS3L/T.130","action":"GetUpdates", "result":"DeleteReceived", "context":{"id":"8e67ec4d-a929-4cb6-9c45-b68b89745c74", "isDeleted:":"true", "version":"1732729999331"}}
{"logTime": "1127/231922", "correlationVector":"m/5bqZZawMk9jXBUYS3L/T.131","action":"GetUpdates", "result":"DeleteReceived", "context":{"id":"75b3a80a-53ba-44c4-8a79-41ad96844375", "isDeleted:":"true", "version":"1732730171571"}}
{"logTime": "1127/231922", "correlationVector":"m/5bqZZawMk9jXBUYS3L/T.132","action":"GetUpdates", "result":"DeleteReceived", "context":{"id":"dd5732b3-e303-484b-9662-ccb7f089cbdf", "isDeleted:":"true", "version":"1732730355648"}}
{"logTime": "1127/231922", "correlationVector":"m/5bqZZawMk9jXBUYS3L/T.133","action":"GetUpdates", "result":"DeleteReceived", "context":{"id":"b328ff8d-206e-45e4-8192-5a95bbfc11f0", "isDeleted:":"true", "version":"1732730432437"}}
{"logTime": "1127/231922", "correlationVector":"m/5bqZZawMk9jXBUYS3L/T.134","action":"GetUpdates", "result":"DeleteReceived", "context":{"id":"205c718e-5d4f-4009-b566-4fd584ab534e", "isDeleted:":"true", "version":"1732731843153"}}
{"logTime": "1127/231922", "correlationVector":"m/5bqZZawMk9jXBUYS3L/T.135","action":"GetUpdates", "result":"DeleteReceived", "context":{"id":"05e4a184-03e6-4f56-9446-a33dadfce06f", "isDeleted:":"true", "version":"1732737689908"}}
{"logTime": "1127/231922", "correlationVector":"m/5bqZZawMk9jXBUYS3L/T.136","action":"GetUpdates", "result":"DeleteReceived", "context":{"id":"a8e46123-2ba1-4fbe-9168-d72a6bc6775b", "isDeleted:":"true", "version":"1732737739714"}}
{"logTime": "1127/231922", "correlationVector":"m/5bqZZawMk9jXBUYS3L/T.137","action":"GetUpdates", "result":"DeleteReceived", "context":{"id":"f59824d6-d30f-459c-bfb0-b1b2f43731e0", "isDeleted:":"true", "version":"1732737745410"}}
{"logTime": "1127/231922", "correlationVector":"m/5bqZZawMk9jXBUYS3L/T.138","action":"GetUpdates", "result":"DeleteReceived", "context":{"id":"4a2dc137-f9bf-457a-8bc4-c28826c9c8d7", "isDeleted:":"true", "version":"1732738017499"}}
{"logTime": "1127/231922", "correlationVector":"m/5bqZZawMk9jXBUYS3L/T.139","action":"GetUpdates", "result":"DeleteReceived", "context":{"id":"82c103e4-03d1-45b3-95a5-a5e288dea038", "isDeleted:":"true", "version":"1732738088444"}}
{"logTime": "1127/231922", "correlationVector":"m/5bqZZawMk9jXBUYS3L/T.140","action":"GetUpdates", "result":"DeleteReceived", "context":{"id":"ececb521-7eb9-4a63-9ba6-b0d0a2c8838a", "isDeleted:":"true", "version":"1732738182295"}}
{"logTime": "1127/231922", "correlationVector":"m/5bqZZawMk9jXBUYS3L/T.141","action":"GetUpdates", "result":"DeleteReceived", "context":{"id":"9a359380-3b54-4c6f-9896-acae91e6f706", "isDeleted:":"true", "version":"1732738252728"}}
{"logTime": "1127/231922", "correlationVector":"m/5bqZZawMk9jXBUYS3L/T.142","action":"GetUpdates", "result":"DeleteReceived", "context":{"id":"75ba316c-c399-4b4a-a608-5326706b476f", "isDeleted:":"true", "version":"1732740532803"}}
{"logTime": "1127/231922", "correlationVector":"m/5bqZZawMk9jXBUYS3L/T.143","action":"GetUpdates", "result":"DeleteReceived", "context":{"id":"1526690c-7018-46c0-a58c-5fc2b1ebfaa7", "isDeleted:":"true", "version":"1732740532804"}}
{"logTime": "1127/231922", "correlationVector":"m/5bqZZawMk9jXBUYS3L/T.144","action":"GetUpdates", "result":"DeleteReceived", "context":{"id":"6a1f5c6e-16d3-411d-b991-baa9eb315101", "isDeleted:":"true", "version":"1732740532805"}}
{"logTime": "1127/231922", "correlationVector":"m/5bqZZawMk9jXBUYS3L/T.145","action":"GetUpdates", "result":"DeleteReceived", "context":{"id":"3df19322-29f3-4ada-9120-bcd877354d52", "isDeleted:":"true", "version":"1732740532806"}}
{"logTime": "1127/231922", "correlationVector":"m/5bqZZawMk9jXBUYS3L/T.146","action":"GetUpdates", "result":"DeleteReceived", "context":{"id":"b322f3e1-89b4-472e-a9d2-6467db331165", "isDeleted:":"true", "version":"1732744489373"}}
{"logTime": "1127/231922", "correlationVector":"m/5bqZZawMk9jXBUYS3L/T.147","action":"GetUpdates", "result":"DeleteReceived", "context":{"id":"bffc67a5-d624-4f99-9822-9b1b12e2a8f5", "isDeleted:":"true", "version":"1732744535120"}}
{"logTime": "1127/231922", "correlationVector":"m/5bqZZawMk9jXBUYS3L/T.148","action":"GetUpdates", "result":"DeleteReceived", "context":{"id":"8f676ed1-4070-4e50-bc1d-7dd533997219", "isDeleted:":"true", "version":"1732744535121"}}
{"logTime": "1127/231922", "correlationVector":"m/5bqZZawMk9jXBUYS3L/T.149","action":"GetUpdates", "result":"DeleteReceived", "context":{"id":"6bd7bec3-acba-4cb5-93d9-c470860a5b57", "isDeleted:":"true", "version":"1732745066647"}}
{"logTime": "1127/231922", "correlationVector":"m/5bqZZawMk9jXBUYS3L/T.150","action":"GetUpdates", "result":"DeleteReceived", "context":{"id":"7d991e1c-e253-493d-892b-9b1bd346ce71", "isDeleted:":"true", "version":"1732745066648"}}
{"logTime": "1127/231922", "correlationVector":"m/5bqZZawMk9jXBUYS3L/T.151","action":"GetUpdates", "result":"DeleteReceived", "context":{"id":"e801c14a-c29e-4b62-8b7b-63bcfefcb2c8", "isDeleted:":"true", "version":"1732745310409"}}
{"logTime": "1127/231922", "correlationVector":"m/5bqZZawMk9jXBUYS3L/T.152","action":"GetUpdates", "result":"DeleteReceived", "context":{"id":"6fd5373d-4a6e-4080-b191-cd511d94b9a4", "isDeleted:":"true", "version":"1732745471650"}}
{"logTime": "1127/231922", "correlationVector":"m/5bqZZawMk9jXBUYS3L/T.153","action":"GetUpdates", "result":"DeleteReceived", "context":{"id":"0bbb482a-389c-4aad-a2ab-ea52b1e41bd9", "isDeleted:":"true", "version":"1732745514268"}}
{"logTime": "1127/231922", "correlationVector":"m/5bqZZawMk9jXBUYS3L/T.154","action":"GetUpdates", "result":"DeleteReceived", "context":{"id":"07e45d29-06ce-43e6-b6c9-07e8a1f4b5d5", "isDeleted:":"true", "version":"1732745547179"}}
{"logTime": "1127/231922", "correlationVector":"m/5bqZZawMk9jXBUYS3L/T.155","action":"GetUpdates", "result":"DeleteReceived", "context":{"id":"d407ea5f-ffeb-49ea-9754-2f99a1daa882", "isDeleted:":"true", "version":"1732747315518"}}
{"logTime": "1127/231922", "correlationVector":"m/5bqZZawMk9jXBUYS3L/T.156","action":"GetUpdates", "result":"DeleteReceived", "context":{"id":"35f7ea97-7a73-4d2b-9275-ec2475ddae8f", "isDeleted:":"true", "version":"1732747553410"}}
{"logTime": "1127/231922", "correlationVector":"m/5bqZZawMk9jXBUYS3L/T.157","action":"GetUpdates", "result":"DeleteReceived", "context":{"id":"774e93cf-83ac-4a52-9372-65558613aee3", "isDeleted:":"true", "version":"1732748740195"}}
{"logTime": "1127/231922", "correlationVector":"m/5bqZZawMk9jXBUYS3L/T.158","action":"GetUpdates Response", "result":"Success", "context":Received 205 update(s). cV=m/5bqZZawMk9jXBUYS3L/T.0;server=GENERAL0100000J;cloudType=Consumer;environment=Prod_EastUS2_000e;migrationStage=NotStarted}
{"logTime": "1127/231923", "correlationVector":"ZcYAG7brmk65Pj4PpZnqxw","action":"Normal GetUpdate request", "result":"", "context":cV=ZcYAG7brmk65Pj4PpZnqxw
Nudged types: Sessions, Device Info, User Consents
Refresh requested types: Bookmarks, Preferences, Passwords, Autofill Profiles, Autofill, Typed URLs, Extensions, Sessions, Extension settings, History Delete Directives, Device Info, User Consents, Send Tab To Self, Web Apps, Collection, Edge E Drop, Edge Hub App Usage, Edge Tab Group, Edge Wallet, Encryption Keys}
{"logTime": "1127/231923", "correlationVector":"ZcYAG7brmk65Pj4PpZnqxw.1","action":"SyncServerConnectionManagerRequest", "result":"SYNC_SERVER_OK", "context":{"environment":"Prod_EastUS2_000e", "migrationStage":"NotStarted", "server":"GENERAL01000026"}}
{"logTime": "1127/231923", "correlationVector":"ZcYAG7brmk65Pj4PpZnqxw.2","action":"GetUpdates Response", "result":"Success", "context":Received 0 update(s). cV=ZcYAG7brmk65Pj4PpZnqxw.0;server=GENERAL01000026;cloudType=Consumer;environment=Prod_EastUS2_000e;migrationStage=NotStarted}
{"logTime": "1127/231923", "correlationVector":"EFnt18FoBATwWgjl7N/Qvz","action":"Commit Request", "result":"", "context":Item count: 8
Contributing types: Typed URLs, Sessions, Device Info, User Consents}
{"logTime": "1127/231924", "correlationVector":"EFnt18FoBATwWgjl7N/Qvz.1","action":"SyncServerConnectionManagerRequest", "result":"SYNC_SERVER_OK", "context":{"environment":"Prod_EastUS2_000e", "migrationStage":"NotStarted", "server":"GENERAL0100002B"}}
{"logTime": "1127/231924", "correlationVector":"EFnt18FoBATwWgjl7N/Qvz.2","action":"Commit Response", "result":"Success", "context":Result: Success. cV=EFnt18FoBATwWgjl7N/Qvz.0;server=GENERAL0100002B;cloudType=Consumer;environment=Prod_EastUS2_000e;migrationStage=NotStarted}
{"logTime": "1127/231948", "correlationVector":"tpW/5JcUkI/kd/vMVPIufo","action":"Commit Request", "result":"", "context":Item count: 40
Contributing types: Passwords}
{"logTime": "1127/231951", "correlationVector":"tpW/5JcUkI/kd/vMVPIufo.1","action":"SyncServerConnectionManagerRequest", "result":"SYNC_SERVER_OK", "context":{"environment":"Prod_EastUS2_000e", "migrationStage":"NotStarted", "server":"GENERAL0100001X"}}
{"logTime": "1127/231951", "correlationVector":"tpW/5JcUkI/kd/vMVPIufo.2","action":"Commit Response", "result":"Success", "context":Result: Success. cV=tpW/5JcUkI/kd/vMVPIufo.0;server=GENERAL0100001X;cloudType=Consumer;environment=Prod_EastUS2_000e;migrationStage=NotStarted}
{"logTime": "1127/231951", "correlationVector":"zqmyTPMsGqaTJbNBrOFhVL","action":"Commit Request", "result":"", "context":Item count: 29
Contributing types: Preferences, Passwords}
{"logTime": "1127/231953", "correlationVector":"zqmyTPMsGqaTJbNBrOFhVL.1","action":"SyncServerConnectionManagerRequest", "result":"SYNC_SERVER_OK", "context":{"environment":"Prod_EastUS2_000e", "migrationStage":"NotStarted", "server":"GENERAL01000023"}}
{"logTime": "1127/231953", "correlationVector":"zqmyTPMsGqaTJbNBrOFhVL.2","action":"Commit Response", "result":"Success", "context":Result: Success. cV=zqmyTPMsGqaTJbNBrOFhVL.0;server=GENERAL01000023;cloudType=Consumer;environment=Prod_EastUS2_000e;migrationStage=NotStarted}
